<html>
<head>
<title>TestNG:  Command line test</title>
<link href="../testng.css" rel="stylesheet" type="text/css" />
<link href="../my-testng.css" rel="stylesheet" type="text/css" />

<style type="text/css">
.log { display: none;} 
.stack-trace { display: none;} 
</style>
<script type="text/javascript">
<!--
function flip(e) {
  current = e.style.display;
  if (current == 'block') {
    e.style.display = 'none';
    return 0;
  }
  else {
    e.style.display = 'block';
    return 1;
  }
}

function toggleBox(szDivId, elem, msg1, msg2)
{
  var res = -1;  if (document.getElementById) {
    res = flip(document.getElementById(szDivId));
  }
  else if (document.all) {
    // this is the way old msie versions work
    res = flip(document.all[szDivId]);
  }
  if(elem) {
    if(res == 0) elem.innerHTML = msg1; else elem.innerHTML = msg2;
  }

}

function toggleAllBoxes() {
  if (document.getElementsByTagName) {
    d = document.getElementsByTagName('div');
    for (i = 0; i < d.length; i++) {
      if (d[i].className == 'log') {
        flip(d[i]);
      }
    }
  }
}

// -->
</script>

</head>
<body>
<h2 align='center'>Command line test</h2><table border='1' align="center">
<tr>
<td>Tests passed/Failed/Skipped:</td><td>78/0/0</td>
</tr><tr>
<td>Started on:</td><td>Thu Jan 14 19:30:36 UTC 2021</td>
</tr>
<tr><td>Total time:</td><td>4 seconds (4496 ms)</td>
</tr><tr>
<td>Included groups:</td><td></td>
</tr><tr>
<td>Excluded groups:</td><td></td>
</tr>
</table><p/>
<small><i>(Hover the method name to see the test class name)</i></small><p/>
<table width='100%' border='1' class='invocation-passed'>
<tr><td colspan='4' align='center'><b>PASSED TESTS</b></td></tr>
<tr><td><b>Test method</b></td>
<td width="30%"><b>Exception</b></td>
<td width="10%"><b>Time (seconds)</b></td>
<td><b>Instance</b></td>
</tr>
<tr>
<td title='com.ibm.watson.health.acd.v1.model.AcdCartridgesTest.testAcdCartridges()'><b>testAcdCartridges</b><br>Test class: com.ibm.watson.health.acd.v1.model.AcdCartridgesTest</td>
<td></td>
<td>0</td>
<td>com.ibm.watson.health.acd.v1.model.AcdCartridgesTest@5d98364c</td></tr>
<tr>
<td title='com.ibm.watson.health.acd.v1.model.AcdFlowTest.testAcdFlow()'><b>testAcdFlow</b><br>Test class: com.ibm.watson.health.acd.v1.model.AcdFlowTest</td>
<td></td>
<td>0</td>
<td>com.ibm.watson.health.acd.v1.model.AcdFlowTest@912747d</td></tr>
<tr>
<td title='com.ibm.watson.health.acd.v1.model.AcdProfileTest.testAcdProfile()'><b>testAcdProfile</b><br>Test class: com.ibm.watson.health.acd.v1.model.AcdProfileTest</td>
<td></td>
<td>0</td>
<td>com.ibm.watson.health.acd.v1.model.AcdProfileTest@297dff3a</td></tr>
<tr>
<td title='com.ibm.watson.health.acd.v1.model.AnalyticFlowBeanInputTest.testAnalyticFlowBeanInput()'><b>testAnalyticFlowBeanInput</b><br>Test class: com.ibm.watson.health.acd.v1.model.AnalyticFlowBeanInputTest</td>
<td></td>
<td>0</td>
<td>com.ibm.watson.health.acd.v1.model.AnalyticFlowBeanInputTest@7d483ebe</td></tr>
<tr>
<td title='com.ibm.watson.health.acd.v1.model.AnnotatorTest.testAnnotator()'><b>testAnnotator</b><br>Test class: com.ibm.watson.health.acd.v1.model.AnnotatorTest</td>
<td></td>
<td>0</td>
<td>com.ibm.watson.health.acd.v1.model.AnnotatorTest@3151277f</td></tr>
<tr>
<td title='com.ibm.watson.health.acd.v1.model.AnnotatorTest.testAnnotatorError()'><b>testAnnotatorError</b><br>Test class: com.ibm.watson.health.acd.v1.model.AnnotatorTest</td>
<td><div><pre>java.lang.IllegalArgumentException: name cannot be null
	at com.ibm.watson.developer_cloud.util.Validator.notNull(Validator.java:96)
	at com.ibm.watson.health.acd.v1.model.Annotator.&lt;init&gt;(Annotator.java:217)
	at com.ibm.watson.health.acd.v1.model.Annotator.&lt;init&gt;(Annotator.java:27)
	at com.ibm.watson.health.acd.v1.model.Annotator$Builder.build(Annotator.java:130)
	at com.ibm.watson.health.acd.v1.model.AnnotatorTest.testAnnotatorError(AnnotatorTest.java:68)
	at java.util.ArrayList.forEach(ArrayList.java:1257)
... Removed 37 stack frames</pre></div><a href='#' onClick='toggleBox("stack-trace1258139742", this, "Click to show all stack frames", "Click to hide stack frames")'>Click to show all stack frames</a>
<div class='stack-trace' id='stack-trace1258139742'><pre>java.lang.IllegalArgumentException: name cannot be null
	at com.ibm.watson.developer_cloud.util.Validator.notNull(Validator.java:96)
	at com.ibm.watson.health.acd.v1.model.Annotator.&lt;init&gt;(Annotator.java:217)
	at com.ibm.watson.health.acd.v1.model.Annotator.&lt;init&gt;(Annotator.java:27)
	at com.ibm.watson.health.acd.v1.model.Annotator$Builder.build(Annotator.java:130)
	at com.ibm.watson.health.acd.v1.model.AnnotatorTest.testAnnotatorError(AnnotatorTest.java:68)
	at sun.reflect.NativeMethodAccessorImpl.invoke0(Native Method)
	at sun.reflect.NativeMethodAccessorImpl.invoke(NativeMethodAccessorImpl.java:62)
	at sun.reflect.DelegatingMethodAccessorImpl.invoke(DelegatingMethodAccessorImpl.java:43)
	at java.lang.reflect.Method.invoke(Method.java:498)
	at org.testng.internal.MethodInvocationHelper.invokeMethod(MethodInvocationHelper.java:134)
	at org.testng.internal.TestInvoker.invokeMethod(TestInvoker.java:597)
	at org.testng.internal.TestInvoker.invokeTestMethod(TestInvoker.java:173)
	at org.testng.internal.MethodRunner.runInSequence(MethodRunner.java:46)
	at org.testng.internal.TestInvoker$MethodInvocationAgent.invoke(TestInvoker.java:816)
	at org.testng.internal.TestInvoker.invokeTestMethods(TestInvoker.java:146)
	at org.testng.internal.TestMethodWorker.invokeTestMethods(TestMethodWorker.java:146)
	at org.testng.internal.TestMethodWorker.run(TestMethodWorker.java:128)
	at java.util.ArrayList.forEach(ArrayList.java:1257)
	at org.testng.TestRunner.privateRun(TestRunner.java:766)
	at org.testng.TestRunner.run(TestRunner.java:587)
	at org.testng.SuiteRunner.runTest(SuiteRunner.java:384)
	at org.testng.SuiteRunner.runSequentially(SuiteRunner.java:378)
	at org.testng.SuiteRunner.privateRun(SuiteRunner.java:337)
	at org.testng.SuiteRunner.run(SuiteRunner.java:286)
	at org.testng.SuiteRunnerWorker.runSuite(SuiteRunnerWorker.java:53)
	at org.testng.SuiteRunnerWorker.run(SuiteRunnerWorker.java:96)
	at org.testng.TestNG.runSuitesSequentially(TestNG.java:1187)
	at org.testng.TestNG.runSuitesLocally(TestNG.java:1109)
	at org.testng.TestNG.runSuites(TestNG.java:1039)
	at org.testng.TestNG.run(TestNG.java:1007)
	at org.apache.maven.surefire.testng.TestNGExecutor.run(TestNGExecutor.java:77)
	at org.apache.maven.surefire.testng.TestNGDirectoryTestSuite.executeMulti(TestNGDirectoryTestSuite.java:159)
	at org.apache.maven.surefire.testng.TestNGDirectoryTestSuite.execute(TestNGDirectoryTestSuite.java:99)
	at org.apache.maven.surefire.testng.TestNGProvider.invoke(TestNGProvider.java:106)
	at sun.reflect.NativeMethodAccessorImpl.invoke0(Native Method)
	at sun.reflect.NativeMethodAccessorImpl.invoke(NativeMethodAccessorImpl.java:62)
	at sun.reflect.DelegatingMethodAccessorImpl.invoke(DelegatingMethodAccessorImpl.java:43)
	at java.lang.reflect.Method.invoke(Method.java:498)
	at org.apache.maven.surefire.util.ReflectionUtils.invokeMethodWithArray(ReflectionUtils.java:189)
	at org.apache.maven.surefire.booter.ProviderFactory$ProviderProxy.invoke(ProviderFactory.java:165)
	at org.apache.maven.surefire.booter.ProviderFactory.invokeProvider(ProviderFactory.java:85)
	at org.apache.maven.surefire.booter.ForkedBooter.runSuitesInProcess(ForkedBooter.java:115)
	at org.apache.maven.surefire.booter.ForkedBooter.main(ForkedBooter.java:75)
</pre></div></td>
<td>0</td>
<td>com.ibm.watson.health.acd.v1.model.AnnotatorTest@3151277f</td></tr>
<tr>
<td title='com.ibm.watson.health.acd.v1.model.AnnotatorFlowTest.testAnnotatorFlow()'><b>testAnnotatorFlow</b><br>Test class: com.ibm.watson.health.acd.v1.model.AnnotatorFlowTest</td>
<td></td>
<td>0</td>
<td>com.ibm.watson.health.acd.v1.model.AnnotatorFlowTest@574f9e36</td></tr>
<tr>
<td title='com.ibm.watson.health.acd.v1.unit.AnnotatorForClinicalDataAcdTest.testCartridgesGetIdNoOptions()'><b>testCartridgesGetIdNoOptions</b><br>Test class: com.ibm.watson.health.acd.v1.unit.AnnotatorForClinicalDataAcdTest</td>
<td><div><pre>java.lang.IllegalArgumentException: cartridgesGetIdOptions cannot be null
	at com.ibm.cloud.sdk.core.util.Validator.notNull(Validator.java:97)
	at com.ibm.watson.health.acd.v1.AnnotatorForClinicalData.cartridgesGetId(AnnotatorForClinicalData.java:1381)
	at com.ibm.watson.health.acd.v1.unit.AnnotatorForClinicalDataAcdTest.testCartridgesGetIdNoOptions(AnnotatorForClinicalDataAcdTest.java:1184)
	at java.util.ArrayList.forEach(ArrayList.java:1257)
... Removed 37 stack frames</pre></div><a href='#' onClick='toggleBox("stack-trace1400333015", this, "Click to show all stack frames", "Click to hide stack frames")'>Click to show all stack frames</a>
<div class='stack-trace' id='stack-trace1400333015'><pre>java.lang.IllegalArgumentException: cartridgesGetIdOptions cannot be null
	at com.ibm.cloud.sdk.core.util.Validator.notNull(Validator.java:97)
	at com.ibm.watson.health.acd.v1.AnnotatorForClinicalData.cartridgesGetId(AnnotatorForClinicalData.java:1381)
	at com.ibm.watson.health.acd.v1.unit.AnnotatorForClinicalDataAcdTest.testCartridgesGetIdNoOptions(AnnotatorForClinicalDataAcdTest.java:1184)
	at sun.reflect.NativeMethodAccessorImpl.invoke0(Native Method)
	at sun.reflect.NativeMethodAccessorImpl.invoke(NativeMethodAccessorImpl.java:62)
	at sun.reflect.DelegatingMethodAccessorImpl.invoke(DelegatingMethodAccessorImpl.java:43)
	at java.lang.reflect.Method.invoke(Method.java:498)
	at org.testng.internal.MethodInvocationHelper.invokeMethod(MethodInvocationHelper.java:134)
	at org.testng.internal.TestInvoker.invokeMethod(TestInvoker.java:597)
	at org.testng.internal.TestInvoker.invokeTestMethod(TestInvoker.java:173)
	at org.testng.internal.MethodRunner.runInSequence(MethodRunner.java:46)
	at org.testng.internal.TestInvoker$MethodInvocationAgent.invoke(TestInvoker.java:816)
	at org.testng.internal.TestInvoker.invokeTestMethods(TestInvoker.java:146)
	at org.testng.internal.TestMethodWorker.invokeTestMethods(TestMethodWorker.java:146)
	at org.testng.internal.TestMethodWorker.run(TestMethodWorker.java:128)
	at java.util.ArrayList.forEach(ArrayList.java:1257)
	at org.testng.TestRunner.privateRun(TestRunner.java:766)
	at org.testng.TestRunner.run(TestRunner.java:587)
	at org.testng.SuiteRunner.runTest(SuiteRunner.java:384)
	at org.testng.SuiteRunner.runSequentially(SuiteRunner.java:378)
	at org.testng.SuiteRunner.privateRun(SuiteRunner.java:337)
	at org.testng.SuiteRunner.run(SuiteRunner.java:286)
	at org.testng.SuiteRunnerWorker.runSuite(SuiteRunnerWorker.java:53)
	at org.testng.SuiteRunnerWorker.run(SuiteRunnerWorker.java:96)
	at org.testng.TestNG.runSuitesSequentially(TestNG.java:1187)
	at org.testng.TestNG.runSuitesLocally(TestNG.java:1109)
	at org.testng.TestNG.runSuites(TestNG.java:1039)
	at org.testng.TestNG.run(TestNG.java:1007)
	at org.apache.maven.surefire.testng.TestNGExecutor.run(TestNGExecutor.java:77)
	at org.apache.maven.surefire.testng.TestNGDirectoryTestSuite.executeMulti(TestNGDirectoryTestSuite.java:159)
	at org.apache.maven.surefire.testng.TestNGDirectoryTestSuite.execute(TestNGDirectoryTestSuite.java:99)
	at org.apache.maven.surefire.testng.TestNGProvider.invoke(TestNGProvider.java:106)
	at sun.reflect.NativeMethodAccessorImpl.invoke0(Native Method)
	at sun.reflect.NativeMethodAccessorImpl.invoke(NativeMethodAccessorImpl.java:62)
	at sun.reflect.DelegatingMethodAccessorImpl.invoke(DelegatingMethodAccessorImpl.java:43)
	at java.lang.reflect.Method.invoke(Method.java:498)
	at org.apache.maven.surefire.util.ReflectionUtils.invokeMethodWithArray(ReflectionUtils.java:189)
	at org.apache.maven.surefire.booter.ProviderFactory$ProviderProxy.invoke(ProviderFactory.java:165)
	at org.apache.maven.surefire.booter.ProviderFactory.invokeProvider(ProviderFactory.java:85)
	at org.apache.maven.surefire.booter.ForkedBooter.runSuitesInProcess(ForkedBooter.java:115)
	at org.apache.maven.surefire.booter.ForkedBooter.main(ForkedBooter.java:75)
</pre></div></td>
<td>1</td>
<td>com.ibm.watson.health.acd.v1.unit.AnnotatorForClinicalDataAcdTest@1bf10539</td></tr>
<tr>
<td title='com.ibm.watson.health.acd.v1.model.CartridgesGetIdOptionsTest.testCartridgesGetIdOptions()'><b>testCartridgesGetIdOptions</b><br>Test class: com.ibm.watson.health.acd.v1.model.CartridgesGetIdOptionsTest</td>
<td></td>
<td>0</td>
<td>com.ibm.watson.health.acd.v1.model.CartridgesGetIdOptionsTest@21ba0d33</td></tr>
<tr>
<td title='com.ibm.watson.health.acd.v1.model.CartridgesGetIdOptionsTest.testCartridgesGetIdOptionsError()'><b>testCartridgesGetIdOptionsError</b><br>Test class: com.ibm.watson.health.acd.v1.model.CartridgesGetIdOptionsTest</td>
<td><div><pre>java.lang.IllegalArgumentException: id cannot be empty
	at com.ibm.cloud.sdk.core.util.Validator.notEmpty(Validator.java:84)
	at com.ibm.watson.health.acd.v1.model.CartridgesGetIdOptions.&lt;init&gt;(CartridgesGetIdOptions.java:71)
	at com.ibm.watson.health.acd.v1.model.CartridgesGetIdOptions$Builder.build(CartridgesGetIdOptions.java:55)
	at com.ibm.watson.health.acd.v1.model.CartridgesGetIdOptionsTest.testCartridgesGetIdOptionsError(CartridgesGetIdOptionsTest.java:44)
	at java.util.ArrayList.forEach(ArrayList.java:1257)
... Removed 37 stack frames</pre></div><a href='#' onClick='toggleBox("stack-trace1463891130", this, "Click to show all stack frames", "Click to hide stack frames")'>Click to show all stack frames</a>
<div class='stack-trace' id='stack-trace1463891130'><pre>java.lang.IllegalArgumentException: id cannot be empty
	at com.ibm.cloud.sdk.core.util.Validator.notEmpty(Validator.java:84)
	at com.ibm.watson.health.acd.v1.model.CartridgesGetIdOptions.&lt;init&gt;(CartridgesGetIdOptions.java:71)
	at com.ibm.watson.health.acd.v1.model.CartridgesGetIdOptions$Builder.build(CartridgesGetIdOptions.java:55)
	at com.ibm.watson.health.acd.v1.model.CartridgesGetIdOptionsTest.testCartridgesGetIdOptionsError(CartridgesGetIdOptionsTest.java:44)
	at sun.reflect.NativeMethodAccessorImpl.invoke0(Native Method)
	at sun.reflect.NativeMethodAccessorImpl.invoke(NativeMethodAccessorImpl.java:62)
	at sun.reflect.DelegatingMethodAccessorImpl.invoke(DelegatingMethodAccessorImpl.java:43)
	at java.lang.reflect.Method.invoke(Method.java:498)
	at org.testng.internal.MethodInvocationHelper.invokeMethod(MethodInvocationHelper.java:134)
	at org.testng.internal.TestInvoker.invokeMethod(TestInvoker.java:597)
	at org.testng.internal.TestInvoker.invokeTestMethod(TestInvoker.java:173)
	at org.testng.internal.MethodRunner.runInSequence(MethodRunner.java:46)
	at org.testng.internal.TestInvoker$MethodInvocationAgent.invoke(TestInvoker.java:816)
	at org.testng.internal.TestInvoker.invokeTestMethods(TestInvoker.java:146)
	at org.testng.internal.TestMethodWorker.invokeTestMethods(TestMethodWorker.java:146)
	at org.testng.internal.TestMethodWorker.run(TestMethodWorker.java:128)
	at java.util.ArrayList.forEach(ArrayList.java:1257)
	at org.testng.TestRunner.privateRun(TestRunner.java:766)
	at org.testng.TestRunner.run(TestRunner.java:587)
	at org.testng.SuiteRunner.runTest(SuiteRunner.java:384)
	at org.testng.SuiteRunner.runSequentially(SuiteRunner.java:378)
	at org.testng.SuiteRunner.privateRun(SuiteRunner.java:337)
	at org.testng.SuiteRunner.run(SuiteRunner.java:286)
	at org.testng.SuiteRunnerWorker.runSuite(SuiteRunnerWorker.java:53)
	at org.testng.SuiteRunnerWorker.run(SuiteRunnerWorker.java:96)
	at org.testng.TestNG.runSuitesSequentially(TestNG.java:1187)
	at org.testng.TestNG.runSuitesLocally(TestNG.java:1109)
	at org.testng.TestNG.runSuites(TestNG.java:1039)
	at org.testng.TestNG.run(TestNG.java:1007)
	at org.apache.maven.surefire.testng.TestNGExecutor.run(TestNGExecutor.java:77)
	at org.apache.maven.surefire.testng.TestNGDirectoryTestSuite.executeMulti(TestNGDirectoryTestSuite.java:159)
	at org.apache.maven.surefire.testng.TestNGDirectoryTestSuite.execute(TestNGDirectoryTestSuite.java:99)
	at org.apache.maven.surefire.testng.TestNGProvider.invoke(TestNGProvider.java:106)
	at sun.reflect.NativeMethodAccessorImpl.invoke0(Native Method)
	at sun.reflect.NativeMethodAccessorImpl.invoke(NativeMethodAccessorImpl.java:62)
	at sun.reflect.DelegatingMethodAccessorImpl.invoke(DelegatingMethodAccessorImpl.java:43)
	at java.lang.reflect.Method.invoke(Method.java:498)
	at org.apache.maven.surefire.util.ReflectionUtils.invokeMethodWithArray(ReflectionUtils.java:189)
	at org.apache.maven.surefire.booter.ProviderFactory$ProviderProxy.invoke(ProviderFactory.java:165)
	at org.apache.maven.surefire.booter.ProviderFactory.invokeProvider(ProviderFactory.java:85)
	at org.apache.maven.surefire.booter.ForkedBooter.runSuitesInProcess(ForkedBooter.java:115)
	at org.apache.maven.surefire.booter.ForkedBooter.main(ForkedBooter.java:75)
</pre></div></td>
<td>0</td>
<td>com.ibm.watson.health.acd.v1.model.CartridgesGetIdOptionsTest@21ba0d33</td></tr>
<tr>
<td title='com.ibm.watson.health.acd.v1.unit.AnnotatorForClinicalDataAcdTest.testCartridgesGetIdWOptions()'><b>testCartridgesGetIdWOptions</b><br>Test class: com.ibm.watson.health.acd.v1.unit.AnnotatorForClinicalDataAcdTest</td>
<td></td>
<td>0</td>
<td>com.ibm.watson.health.acd.v1.unit.AnnotatorForClinicalDataAcdTest@1bf10539</td></tr>
<tr>
<td title='com.ibm.watson.health.acd.v1.model.CartridgesGetOptionsTest.testCartridgesGetOptions()'><b>testCartridgesGetOptions</b><br>Test class: com.ibm.watson.health.acd.v1.model.CartridgesGetOptionsTest</td>
<td></td>
<td>0</td>
<td>com.ibm.watson.health.acd.v1.model.CartridgesGetOptionsTest@6fc6f68f</td></tr>
<tr>
<td title='com.ibm.watson.health.acd.v1.unit.AnnotatorForClinicalDataAcdTest.testCartridgesGetWOptions()'><b>testCartridgesGetWOptions</b><br>Test class: com.ibm.watson.health.acd.v1.unit.AnnotatorForClinicalDataAcdTest</td>
<td></td>
<td>0</td>
<td>com.ibm.watson.health.acd.v1.unit.AnnotatorForClinicalDataAcdTest@1bf10539</td></tr>
<tr>
<td title='com.ibm.watson.health.acd.v1.model.CartridgesPostMultipartOptionsTest.testCartridgesPostMultipartOptions()'><b>testCartridgesPostMultipartOptions</b><br>Test class: com.ibm.watson.health.acd.v1.model.CartridgesPostMultipartOptionsTest</td>
<td></td>
<td>0</td>
<td>com.ibm.watson.health.acd.v1.model.CartridgesPostMultipartOptionsTest@77db231c</td></tr>
<tr>
<td title='com.ibm.watson.health.acd.v1.unit.AnnotatorForClinicalDataAcdTest.testCartridgesPostMultipartWOptions()'><b>testCartridgesPostMultipartWOptions</b><br>Test class: com.ibm.watson.health.acd.v1.unit.AnnotatorForClinicalDataAcdTest</td>
<td></td>
<td>0</td>
<td>com.ibm.watson.health.acd.v1.unit.AnnotatorForClinicalDataAcdTest@1bf10539</td></tr>
<tr>
<td title='com.ibm.watson.health.acd.v1.model.CartridgesPutMultipartOptionsTest.testCartridgesPutMultipartOptions()'><b>testCartridgesPutMultipartOptions</b><br>Test class: com.ibm.watson.health.acd.v1.model.CartridgesPutMultipartOptionsTest</td>
<td></td>
<td>0</td>
<td>com.ibm.watson.health.acd.v1.model.CartridgesPutMultipartOptionsTest@2befb16f</td></tr>
<tr>
<td title='com.ibm.watson.health.acd.v1.unit.AnnotatorForClinicalDataAcdTest.testCartridgesPutMultipartWOptions()'><b>testCartridgesPutMultipartWOptions</b><br>Test class: com.ibm.watson.health.acd.v1.unit.AnnotatorForClinicalDataAcdTest</td>
<td></td>
<td>0</td>
<td>com.ibm.watson.health.acd.v1.unit.AnnotatorForClinicalDataAcdTest@1bf10539</td></tr>
<tr>
<td title='com.ibm.watson.health.acd.v1.model.ConfigurationEntityTest.testConfigurationEntity()'><b>testConfigurationEntity</b><br>Test class: com.ibm.watson.health.acd.v1.model.ConfigurationEntityTest</td>
<td></td>
<td>0</td>
<td>com.ibm.watson.health.acd.v1.model.ConfigurationEntityTest@cea67b1</td></tr>
<tr>
<td title='com.ibm.watson.health.acd.v1.unit.AnnotatorForClinicalDataAcdTest.testConstructorWithNullAuthenticator()'><b>testConstructorWithNullAuthenticator</b><br>Test class: com.ibm.watson.health.acd.v1.unit.AnnotatorForClinicalDataAcdTest</td>
<td><div><pre>java.lang.IllegalArgumentException: Authentication information was not properly configured.
	at com.ibm.cloud.sdk.core.service.BaseService.&lt;init&gt;(BaseService.java:100)
	at com.ibm.watson.health.acd.v1.AnnotatorForClinicalData.&lt;init&gt;(AnnotatorForClinicalData.java:124)
	at com.ibm.watson.health.acd.v1.unit.AnnotatorForClinicalDataAcdTest.testConstructorWithNullAuthenticator(AnnotatorForClinicalDataAcdTest.java:125)
	at java.util.ArrayList.forEach(ArrayList.java:1257)
... Removed 37 stack frames</pre></div><a href='#' onClick='toggleBox("stack-trace1142373419", this, "Click to show all stack frames", "Click to hide stack frames")'>Click to show all stack frames</a>
<div class='stack-trace' id='stack-trace1142373419'><pre>java.lang.IllegalArgumentException: Authentication information was not properly configured.
	at com.ibm.cloud.sdk.core.service.BaseService.&lt;init&gt;(BaseService.java:100)
	at com.ibm.watson.health.acd.v1.AnnotatorForClinicalData.&lt;init&gt;(AnnotatorForClinicalData.java:124)
	at com.ibm.watson.health.acd.v1.unit.AnnotatorForClinicalDataAcdTest.testConstructorWithNullAuthenticator(AnnotatorForClinicalDataAcdTest.java:125)
	at sun.reflect.NativeMethodAccessorImpl.invoke0(Native Method)
	at sun.reflect.NativeMethodAccessorImpl.invoke(NativeMethodAccessorImpl.java:62)
	at sun.reflect.DelegatingMethodAccessorImpl.invoke(DelegatingMethodAccessorImpl.java:43)
	at java.lang.reflect.Method.invoke(Method.java:498)
	at org.testng.internal.MethodInvocationHelper.invokeMethod(MethodInvocationHelper.java:134)
	at org.testng.internal.TestInvoker.invokeMethod(TestInvoker.java:597)
	at org.testng.internal.TestInvoker.invokeTestMethod(TestInvoker.java:173)
	at org.testng.internal.MethodRunner.runInSequence(MethodRunner.java:46)
	at org.testng.internal.TestInvoker$MethodInvocationAgent.invoke(TestInvoker.java:816)
	at org.testng.internal.TestInvoker.invokeTestMethods(TestInvoker.java:146)
	at org.testng.internal.TestMethodWorker.invokeTestMethods(TestMethodWorker.java:146)
	at org.testng.internal.TestMethodWorker.run(TestMethodWorker.java:128)
	at java.util.ArrayList.forEach(ArrayList.java:1257)
	at org.testng.TestRunner.privateRun(TestRunner.java:766)
	at org.testng.TestRunner.run(TestRunner.java:587)
	at org.testng.SuiteRunner.runTest(SuiteRunner.java:384)
	at org.testng.SuiteRunner.runSequentially(SuiteRunner.java:378)
	at org.testng.SuiteRunner.privateRun(SuiteRunner.java:337)
	at org.testng.SuiteRunner.run(SuiteRunner.java:286)
	at org.testng.SuiteRunnerWorker.runSuite(SuiteRunnerWorker.java:53)
	at org.testng.SuiteRunnerWorker.run(SuiteRunnerWorker.java:96)
	at org.testng.TestNG.runSuitesSequentially(TestNG.java:1187)
	at org.testng.TestNG.runSuitesLocally(TestNG.java:1109)
	at org.testng.TestNG.runSuites(TestNG.java:1039)
	at org.testng.TestNG.run(TestNG.java:1007)
	at org.apache.maven.surefire.testng.TestNGExecutor.run(TestNGExecutor.java:77)
	at org.apache.maven.surefire.testng.TestNGDirectoryTestSuite.executeMulti(TestNGDirectoryTestSuite.java:159)
	at org.apache.maven.surefire.testng.TestNGDirectoryTestSuite.execute(TestNGDirectoryTestSuite.java:99)
	at org.apache.maven.surefire.testng.TestNGProvider.invoke(TestNGProvider.java:106)
	at sun.reflect.NativeMethodAccessorImpl.invoke0(Native Method)
	at sun.reflect.NativeMethodAccessorImpl.invoke(NativeMethodAccessorImpl.java:62)
	at sun.reflect.DelegatingMethodAccessorImpl.invoke(DelegatingMethodAccessorImpl.java:43)
	at java.lang.reflect.Method.invoke(Method.java:498)
	at org.apache.maven.surefire.util.ReflectionUtils.invokeMethodWithArray(ReflectionUtils.java:189)
	at org.apache.maven.surefire.booter.ProviderFactory$ProviderProxy.invoke(ProviderFactory.java:165)
	at org.apache.maven.surefire.booter.ProviderFactory.invokeProvider(ProviderFactory.java:85)
	at org.apache.maven.surefire.booter.ForkedBooter.runSuitesInProcess(ForkedBooter.java:115)
	at org.apache.maven.surefire.booter.ForkedBooter.main(ForkedBooter.java:75)
</pre></div></td>
<td>0</td>
<td>com.ibm.watson.health.acd.v1.unit.AnnotatorForClinicalDataAcdTest@1bf10539</td></tr>
<tr>
<td title='com.ibm.watson.health.acd.v1.model.CreateFlowsOptionsTest.testCreateFlowsOptions()'><b>testCreateFlowsOptions</b><br>Test class: com.ibm.watson.health.acd.v1.model.CreateFlowsOptionsTest</td>
<td></td>
<td>0</td>
<td>com.ibm.watson.health.acd.v1.model.CreateFlowsOptionsTest@60b4d934</td></tr>
<tr>
<td title='com.ibm.watson.health.acd.v1.unit.AnnotatorForClinicalDataAcdTest.testCreateFlowsWOptions()'><b>testCreateFlowsWOptions</b><br>Test class: com.ibm.watson.health.acd.v1.unit.AnnotatorForClinicalDataAcdTest</td>
<td></td>
<td>0</td>
<td>com.ibm.watson.health.acd.v1.unit.AnnotatorForClinicalDataAcdTest@1bf10539</td></tr>
<tr>
<td title='com.ibm.watson.health.acd.v1.model.CreateProfileOptionsTest.testCreateProfileOptions()'><b>testCreateProfileOptions</b><br>Test class: com.ibm.watson.health.acd.v1.model.CreateProfileOptionsTest</td>
<td></td>
<td>0</td>
<td>com.ibm.watson.health.acd.v1.model.CreateProfileOptionsTest@44da745f</td></tr>
<tr>
<td title='com.ibm.watson.health.acd.v1.unit.AnnotatorForClinicalDataAcdTest.testCreateProfileWOptions()'><b>testCreateProfileWOptions</b><br>Test class: com.ibm.watson.health.acd.v1.unit.AnnotatorForClinicalDataAcdTest</td>
<td></td>
<td>0</td>
<td>com.ibm.watson.health.acd.v1.unit.AnnotatorForClinicalDataAcdTest@1bf10539</td></tr>
<tr>
<td title='com.ibm.watson.health.acd.v1.unit.AnnotatorForClinicalDataAcdTest.testDeleteFlowsNoOptions()'><b>testDeleteFlowsNoOptions</b><br>Test class: com.ibm.watson.health.acd.v1.unit.AnnotatorForClinicalDataAcdTest</td>
<td><div><pre>java.lang.IllegalArgumentException: deleteFlowsOptions cannot be null
	at com.ibm.cloud.sdk.core.util.Validator.notNull(Validator.java:97)
	at com.ibm.watson.health.acd.v1.AnnotatorForClinicalData.deleteFlows(AnnotatorForClinicalData.java:616)
	at com.ibm.watson.health.acd.v1.unit.AnnotatorForClinicalDataAcdTest.testDeleteFlowsNoOptions(AnnotatorForClinicalDataAcdTest.java:707)
	at java.util.ArrayList.forEach(ArrayList.java:1257)
... Removed 37 stack frames</pre></div><a href='#' onClick='toggleBox("stack-trace1373008859", this, "Click to show all stack frames", "Click to hide stack frames")'>Click to show all stack frames</a>
<div class='stack-trace' id='stack-trace1373008859'><pre>java.lang.IllegalArgumentException: deleteFlowsOptions cannot be null
	at com.ibm.cloud.sdk.core.util.Validator.notNull(Validator.java:97)
	at com.ibm.watson.health.acd.v1.AnnotatorForClinicalData.deleteFlows(AnnotatorForClinicalData.java:616)
	at com.ibm.watson.health.acd.v1.unit.AnnotatorForClinicalDataAcdTest.testDeleteFlowsNoOptions(AnnotatorForClinicalDataAcdTest.java:707)
	at sun.reflect.NativeMethodAccessorImpl.invoke0(Native Method)
	at sun.reflect.NativeMethodAccessorImpl.invoke(NativeMethodAccessorImpl.java:62)
	at sun.reflect.DelegatingMethodAccessorImpl.invoke(DelegatingMethodAccessorImpl.java:43)
	at java.lang.reflect.Method.invoke(Method.java:498)
	at org.testng.internal.MethodInvocationHelper.invokeMethod(MethodInvocationHelper.java:134)
	at org.testng.internal.TestInvoker.invokeMethod(TestInvoker.java:597)
	at org.testng.internal.TestInvoker.invokeTestMethod(TestInvoker.java:173)
	at org.testng.internal.MethodRunner.runInSequence(MethodRunner.java:46)
	at org.testng.internal.TestInvoker$MethodInvocationAgent.invoke(TestInvoker.java:816)
	at org.testng.internal.TestInvoker.invokeTestMethods(TestInvoker.java:146)
	at org.testng.internal.TestMethodWorker.invokeTestMethods(TestMethodWorker.java:146)
	at org.testng.internal.TestMethodWorker.run(TestMethodWorker.java:128)
	at java.util.ArrayList.forEach(ArrayList.java:1257)
	at org.testng.TestRunner.privateRun(TestRunner.java:766)
	at org.testng.TestRunner.run(TestRunner.java:587)
	at org.testng.SuiteRunner.runTest(SuiteRunner.java:384)
	at org.testng.SuiteRunner.runSequentially(SuiteRunner.java:378)
	at org.testng.SuiteRunner.privateRun(SuiteRunner.java:337)
	at org.testng.SuiteRunner.run(SuiteRunner.java:286)
	at org.testng.SuiteRunnerWorker.runSuite(SuiteRunnerWorker.java:53)
	at org.testng.SuiteRunnerWorker.run(SuiteRunnerWorker.java:96)
	at org.testng.TestNG.runSuitesSequentially(TestNG.java:1187)
	at org.testng.TestNG.runSuitesLocally(TestNG.java:1109)
	at org.testng.TestNG.runSuites(TestNG.java:1039)
	at org.testng.TestNG.run(TestNG.java:1007)
	at org.apache.maven.surefire.testng.TestNGExecutor.run(TestNGExecutor.java:77)
	at org.apache.maven.surefire.testng.TestNGDirectoryTestSuite.executeMulti(TestNGDirectoryTestSuite.java:159)
	at org.apache.maven.surefire.testng.TestNGDirectoryTestSuite.execute(TestNGDirectoryTestSuite.java:99)
	at org.apache.maven.surefire.testng.TestNGProvider.invoke(TestNGProvider.java:106)
	at sun.reflect.NativeMethodAccessorImpl.invoke0(Native Method)
	at sun.reflect.NativeMethodAccessorImpl.invoke(NativeMethodAccessorImpl.java:62)
	at sun.reflect.DelegatingMethodAccessorImpl.invoke(DelegatingMethodAccessorImpl.java:43)
	at java.lang.reflect.Method.invoke(Method.java:498)
	at org.apache.maven.surefire.util.ReflectionUtils.invokeMethodWithArray(ReflectionUtils.java:189)
	at org.apache.maven.surefire.booter.ProviderFactory$ProviderProxy.invoke(ProviderFactory.java:165)
	at org.apache.maven.surefire.booter.ProviderFactory.invokeProvider(ProviderFactory.java:85)
	at org.apache.maven.surefire.booter.ForkedBooter.runSuitesInProcess(ForkedBooter.java:115)
	at org.apache.maven.surefire.booter.ForkedBooter.main(ForkedBooter.java:75)
</pre></div></td>
<td>0</td>
<td>com.ibm.watson.health.acd.v1.unit.AnnotatorForClinicalDataAcdTest@1bf10539</td></tr>
<tr>
<td title='com.ibm.watson.health.acd.v1.model.DeleteFlowsOptionsTest.testDeleteFlowsOptions()'><b>testDeleteFlowsOptions</b><br>Test class: com.ibm.watson.health.acd.v1.model.DeleteFlowsOptionsTest</td>
<td></td>
<td>0</td>
<td>com.ibm.watson.health.acd.v1.model.DeleteFlowsOptionsTest@36cf6377</td></tr>
<tr>
<td title='com.ibm.watson.health.acd.v1.model.DeleteFlowsOptionsTest.testDeleteFlowsOptionsError()'><b>testDeleteFlowsOptionsError</b><br>Test class: com.ibm.watson.health.acd.v1.model.DeleteFlowsOptionsTest</td>
<td><div><pre>java.lang.IllegalArgumentException: id cannot be empty
	at com.ibm.cloud.sdk.core.util.Validator.notEmpty(Validator.java:84)
	at com.ibm.watson.health.acd.v1.model.DeleteFlowsOptions.&lt;init&gt;(DeleteFlowsOptions.java:71)
	at com.ibm.watson.health.acd.v1.model.DeleteFlowsOptions$Builder.build(DeleteFlowsOptions.java:55)
	at com.ibm.watson.health.acd.v1.model.DeleteFlowsOptionsTest.testDeleteFlowsOptionsError(DeleteFlowsOptionsTest.java:44)
	at java.util.ArrayList.forEach(ArrayList.java:1257)
... Removed 37 stack frames</pre></div><a href='#' onClick='toggleBox("stack-trace1063951264", this, "Click to show all stack frames", "Click to hide stack frames")'>Click to show all stack frames</a>
<div class='stack-trace' id='stack-trace1063951264'><pre>java.lang.IllegalArgumentException: id cannot be empty
	at com.ibm.cloud.sdk.core.util.Validator.notEmpty(Validator.java:84)
	at com.ibm.watson.health.acd.v1.model.DeleteFlowsOptions.&lt;init&gt;(DeleteFlowsOptions.java:71)
	at com.ibm.watson.health.acd.v1.model.DeleteFlowsOptions$Builder.build(DeleteFlowsOptions.java:55)
	at com.ibm.watson.health.acd.v1.model.DeleteFlowsOptionsTest.testDeleteFlowsOptionsError(DeleteFlowsOptionsTest.java:44)
	at sun.reflect.NativeMethodAccessorImpl.invoke0(Native Method)
	at sun.reflect.NativeMethodAccessorImpl.invoke(NativeMethodAccessorImpl.java:62)
	at sun.reflect.DelegatingMethodAccessorImpl.invoke(DelegatingMethodAccessorImpl.java:43)
	at java.lang.reflect.Method.invoke(Method.java:498)
	at org.testng.internal.MethodInvocationHelper.invokeMethod(MethodInvocationHelper.java:134)
	at org.testng.internal.TestInvoker.invokeMethod(TestInvoker.java:597)
	at org.testng.internal.TestInvoker.invokeTestMethod(TestInvoker.java:173)
	at org.testng.internal.MethodRunner.runInSequence(MethodRunner.java:46)
	at org.testng.internal.TestInvoker$MethodInvocationAgent.invoke(TestInvoker.java:816)
	at org.testng.internal.TestInvoker.invokeTestMethods(TestInvoker.java:146)
	at org.testng.internal.TestMethodWorker.invokeTestMethods(TestMethodWorker.java:146)
	at org.testng.internal.TestMethodWorker.run(TestMethodWorker.java:128)
	at java.util.ArrayList.forEach(ArrayList.java:1257)
	at org.testng.TestRunner.privateRun(TestRunner.java:766)
	at org.testng.TestRunner.run(TestRunner.java:587)
	at org.testng.SuiteRunner.runTest(SuiteRunner.java:384)
	at org.testng.SuiteRunner.runSequentially(SuiteRunner.java:378)
	at org.testng.SuiteRunner.privateRun(SuiteRunner.java:337)
	at org.testng.SuiteRunner.run(SuiteRunner.java:286)
	at org.testng.SuiteRunnerWorker.runSuite(SuiteRunnerWorker.java:53)
	at org.testng.SuiteRunnerWorker.run(SuiteRunnerWorker.java:96)
	at org.testng.TestNG.runSuitesSequentially(TestNG.java:1187)
	at org.testng.TestNG.runSuitesLocally(TestNG.java:1109)
	at org.testng.TestNG.runSuites(TestNG.java:1039)
	at org.testng.TestNG.run(TestNG.java:1007)
	at org.apache.maven.surefire.testng.TestNGExecutor.run(TestNGExecutor.java:77)
	at org.apache.maven.surefire.testng.TestNGDirectoryTestSuite.executeMulti(TestNGDirectoryTestSuite.java:159)
	at org.apache.maven.surefire.testng.TestNGDirectoryTestSuite.execute(TestNGDirectoryTestSuite.java:99)
	at org.apache.maven.surefire.testng.TestNGProvider.invoke(TestNGProvider.java:106)
	at sun.reflect.NativeMethodAccessorImpl.invoke0(Native Method)
	at sun.reflect.NativeMethodAccessorImpl.invoke(NativeMethodAccessorImpl.java:62)
	at sun.reflect.DelegatingMethodAccessorImpl.invoke(DelegatingMethodAccessorImpl.java:43)
	at java.lang.reflect.Method.invoke(Method.java:498)
	at org.apache.maven.surefire.util.ReflectionUtils.invokeMethodWithArray(ReflectionUtils.java:189)
	at org.apache.maven.surefire.booter.ProviderFactory$ProviderProxy.invoke(ProviderFactory.java:165)
	at org.apache.maven.surefire.booter.ProviderFactory.invokeProvider(ProviderFactory.java:85)
	at org.apache.maven.surefire.booter.ForkedBooter.runSuitesInProcess(ForkedBooter.java:115)
	at org.apache.maven.surefire.booter.ForkedBooter.main(ForkedBooter.java:75)
</pre></div></td>
<td>0</td>
<td>com.ibm.watson.health.acd.v1.model.DeleteFlowsOptionsTest@36cf6377</td></tr>
<tr>
<td title='com.ibm.watson.health.acd.v1.unit.AnnotatorForClinicalDataAcdTest.testDeleteFlowsWOptions()'><b>testDeleteFlowsWOptions</b><br>Test class: com.ibm.watson.health.acd.v1.unit.AnnotatorForClinicalDataAcdTest</td>
<td></td>
<td>0</td>
<td>com.ibm.watson.health.acd.v1.unit.AnnotatorForClinicalDataAcdTest@1bf10539</td></tr>
<tr>
<td title='com.ibm.watson.health.acd.v1.unit.AnnotatorForClinicalDataAcdTest.testDeleteProfileNoOptions()'><b>testDeleteProfileNoOptions</b><br>Test class: com.ibm.watson.health.acd.v1.unit.AnnotatorForClinicalDataAcdTest</td>
<td><div><pre>java.lang.IllegalArgumentException: deleteProfileOptions cannot be null
	at com.ibm.cloud.sdk.core.util.Validator.notNull(Validator.java:97)
	at com.ibm.watson.health.acd.v1.AnnotatorForClinicalData.deleteProfile(AnnotatorForClinicalData.java:370)
	at com.ibm.watson.health.acd.v1.unit.AnnotatorForClinicalDataAcdTest.testDeleteProfileNoOptions(AnnotatorForClinicalDataAcdTest.java:405)
	at java.util.ArrayList.forEach(ArrayList.java:1257)
... Removed 37 stack frames</pre></div><a href='#' onClick='toggleBox("stack-trace163817942", this, "Click to show all stack frames", "Click to hide stack frames")'>Click to show all stack frames</a>
<div class='stack-trace' id='stack-trace163817942'><pre>java.lang.IllegalArgumentException: deleteProfileOptions cannot be null
	at com.ibm.cloud.sdk.core.util.Validator.notNull(Validator.java:97)
	at com.ibm.watson.health.acd.v1.AnnotatorForClinicalData.deleteProfile(AnnotatorForClinicalData.java:370)
	at com.ibm.watson.health.acd.v1.unit.AnnotatorForClinicalDataAcdTest.testDeleteProfileNoOptions(AnnotatorForClinicalDataAcdTest.java:405)
	at sun.reflect.NativeMethodAccessorImpl.invoke0(Native Method)
	at sun.reflect.NativeMethodAccessorImpl.invoke(NativeMethodAccessorImpl.java:62)
	at sun.reflect.DelegatingMethodAccessorImpl.invoke(DelegatingMethodAccessorImpl.java:43)
	at java.lang.reflect.Method.invoke(Method.java:498)
	at org.testng.internal.MethodInvocationHelper.invokeMethod(MethodInvocationHelper.java:134)
	at org.testng.internal.TestInvoker.invokeMethod(TestInvoker.java:597)
	at org.testng.internal.TestInvoker.invokeTestMethod(TestInvoker.java:173)
	at org.testng.internal.MethodRunner.runInSequence(MethodRunner.java:46)
	at org.testng.internal.TestInvoker$MethodInvocationAgent.invoke(TestInvoker.java:816)
	at org.testng.internal.TestInvoker.invokeTestMethods(TestInvoker.java:146)
	at org.testng.internal.TestMethodWorker.invokeTestMethods(TestMethodWorker.java:146)
	at org.testng.internal.TestMethodWorker.run(TestMethodWorker.java:128)
	at java.util.ArrayList.forEach(ArrayList.java:1257)
	at org.testng.TestRunner.privateRun(TestRunner.java:766)
	at org.testng.TestRunner.run(TestRunner.java:587)
	at org.testng.SuiteRunner.runTest(SuiteRunner.java:384)
	at org.testng.SuiteRunner.runSequentially(SuiteRunner.java:378)
	at org.testng.SuiteRunner.privateRun(SuiteRunner.java:337)
	at org.testng.SuiteRunner.run(SuiteRunner.java:286)
	at org.testng.SuiteRunnerWorker.runSuite(SuiteRunnerWorker.java:53)
	at org.testng.SuiteRunnerWorker.run(SuiteRunnerWorker.java:96)
	at org.testng.TestNG.runSuitesSequentially(TestNG.java:1187)
	at org.testng.TestNG.runSuitesLocally(TestNG.java:1109)
	at org.testng.TestNG.runSuites(TestNG.java:1039)
	at org.testng.TestNG.run(TestNG.java:1007)
	at org.apache.maven.surefire.testng.TestNGExecutor.run(TestNGExecutor.java:77)
	at org.apache.maven.surefire.testng.TestNGDirectoryTestSuite.executeMulti(TestNGDirectoryTestSuite.java:159)
	at org.apache.maven.surefire.testng.TestNGDirectoryTestSuite.execute(TestNGDirectoryTestSuite.java:99)
	at org.apache.maven.surefire.testng.TestNGProvider.invoke(TestNGProvider.java:106)
	at sun.reflect.NativeMethodAccessorImpl.invoke0(Native Method)
	at sun.reflect.NativeMethodAccessorImpl.invoke(NativeMethodAccessorImpl.java:62)
	at sun.reflect.DelegatingMethodAccessorImpl.invoke(DelegatingMethodAccessorImpl.java:43)
	at java.lang.reflect.Method.invoke(Method.java:498)
	at org.apache.maven.surefire.util.ReflectionUtils.invokeMethodWithArray(ReflectionUtils.java:189)
	at org.apache.maven.surefire.booter.ProviderFactory$ProviderProxy.invoke(ProviderFactory.java:165)
	at org.apache.maven.surefire.booter.ProviderFactory.invokeProvider(ProviderFactory.java:85)
	at org.apache.maven.surefire.booter.ForkedBooter.runSuitesInProcess(ForkedBooter.java:115)
	at org.apache.maven.surefire.booter.ForkedBooter.main(ForkedBooter.java:75)
</pre></div></td>
<td>0</td>
<td>com.ibm.watson.health.acd.v1.unit.AnnotatorForClinicalDataAcdTest@1bf10539</td></tr>
<tr>
<td title='com.ibm.watson.health.acd.v1.model.DeleteProfileOptionsTest.testDeleteProfileOptions()'><b>testDeleteProfileOptions</b><br>Test class: com.ibm.watson.health.acd.v1.model.DeleteProfileOptionsTest</td>
<td></td>
<td>0</td>
<td>com.ibm.watson.health.acd.v1.model.DeleteProfileOptionsTest@762f8ff6</td></tr>
<tr>
<td title='com.ibm.watson.health.acd.v1.model.DeleteProfileOptionsTest.testDeleteProfileOptionsError()'><b>testDeleteProfileOptionsError</b><br>Test class: com.ibm.watson.health.acd.v1.model.DeleteProfileOptionsTest</td>
<td><div><pre>java.lang.IllegalArgumentException: id cannot be empty
	at com.ibm.cloud.sdk.core.util.Validator.notEmpty(Validator.java:84)
	at com.ibm.watson.health.acd.v1.model.DeleteProfileOptions.&lt;init&gt;(DeleteProfileOptions.java:71)
	at com.ibm.watson.health.acd.v1.model.DeleteProfileOptions$Builder.build(DeleteProfileOptions.java:55)
	at com.ibm.watson.health.acd.v1.model.DeleteProfileOptionsTest.testDeleteProfileOptionsError(DeleteProfileOptionsTest.java:44)
	at java.util.ArrayList.forEach(ArrayList.java:1257)
... Removed 37 stack frames</pre></div><a href='#' onClick='toggleBox("stack-trace1075676110", this, "Click to show all stack frames", "Click to hide stack frames")'>Click to show all stack frames</a>
<div class='stack-trace' id='stack-trace1075676110'><pre>java.lang.IllegalArgumentException: id cannot be empty
	at com.ibm.cloud.sdk.core.util.Validator.notEmpty(Validator.java:84)
	at com.ibm.watson.health.acd.v1.model.DeleteProfileOptions.&lt;init&gt;(DeleteProfileOptions.java:71)
	at com.ibm.watson.health.acd.v1.model.DeleteProfileOptions$Builder.build(DeleteProfileOptions.java:55)
	at com.ibm.watson.health.acd.v1.model.DeleteProfileOptionsTest.testDeleteProfileOptionsError(DeleteProfileOptionsTest.java:44)
	at sun.reflect.NativeMethodAccessorImpl.invoke0(Native Method)
	at sun.reflect.NativeMethodAccessorImpl.invoke(NativeMethodAccessorImpl.java:62)
	at sun.reflect.DelegatingMethodAccessorImpl.invoke(DelegatingMethodAccessorImpl.java:43)
	at java.lang.reflect.Method.invoke(Method.java:498)
	at org.testng.internal.MethodInvocationHelper.invokeMethod(MethodInvocationHelper.java:134)
	at org.testng.internal.TestInvoker.invokeMethod(TestInvoker.java:597)
	at org.testng.internal.TestInvoker.invokeTestMethod(TestInvoker.java:173)
	at org.testng.internal.MethodRunner.runInSequence(MethodRunner.java:46)
	at org.testng.internal.TestInvoker$MethodInvocationAgent.invoke(TestInvoker.java:816)
	at org.testng.internal.TestInvoker.invokeTestMethods(TestInvoker.java:146)
	at org.testng.internal.TestMethodWorker.invokeTestMethods(TestMethodWorker.java:146)
	at org.testng.internal.TestMethodWorker.run(TestMethodWorker.java:128)
	at java.util.ArrayList.forEach(ArrayList.java:1257)
	at org.testng.TestRunner.privateRun(TestRunner.java:766)
	at org.testng.TestRunner.run(TestRunner.java:587)
	at org.testng.SuiteRunner.runTest(SuiteRunner.java:384)
	at org.testng.SuiteRunner.runSequentially(SuiteRunner.java:378)
	at org.testng.SuiteRunner.privateRun(SuiteRunner.java:337)
	at org.testng.SuiteRunner.run(SuiteRunner.java:286)
	at org.testng.SuiteRunnerWorker.runSuite(SuiteRunnerWorker.java:53)
	at org.testng.SuiteRunnerWorker.run(SuiteRunnerWorker.java:96)
	at org.testng.TestNG.runSuitesSequentially(TestNG.java:1187)
	at org.testng.TestNG.runSuitesLocally(TestNG.java:1109)
	at org.testng.TestNG.runSuites(TestNG.java:1039)
	at org.testng.TestNG.run(TestNG.java:1007)
	at org.apache.maven.surefire.testng.TestNGExecutor.run(TestNGExecutor.java:77)
	at org.apache.maven.surefire.testng.TestNGDirectoryTestSuite.executeMulti(TestNGDirectoryTestSuite.java:159)
	at org.apache.maven.surefire.testng.TestNGDirectoryTestSuite.execute(TestNGDirectoryTestSuite.java:99)
	at org.apache.maven.surefire.testng.TestNGProvider.invoke(TestNGProvider.java:106)
	at sun.reflect.NativeMethodAccessorImpl.invoke0(Native Method)
	at sun.reflect.NativeMethodAccessorImpl.invoke(NativeMethodAccessorImpl.java:62)
	at sun.reflect.DelegatingMethodAccessorImpl.invoke(DelegatingMethodAccessorImpl.java:43)
	at java.lang.reflect.Method.invoke(Method.java:498)
	at org.apache.maven.surefire.util.ReflectionUtils.invokeMethodWithArray(ReflectionUtils.java:189)
	at org.apache.maven.surefire.booter.ProviderFactory$ProviderProxy.invoke(ProviderFactory.java:165)
	at org.apache.maven.surefire.booter.ProviderFactory.invokeProvider(ProviderFactory.java:85)
	at org.apache.maven.surefire.booter.ForkedBooter.runSuitesInProcess(ForkedBooter.java:115)
	at org.apache.maven.surefire.booter.ForkedBooter.main(ForkedBooter.java:75)
</pre></div></td>
<td>0</td>
<td>com.ibm.watson.health.acd.v1.model.DeleteProfileOptionsTest@762f8ff6</td></tr>
<tr>
<td title='com.ibm.watson.health.acd.v1.unit.AnnotatorForClinicalDataAcdTest.testDeleteProfileWOptions()'><b>testDeleteProfileWOptions</b><br>Test class: com.ibm.watson.health.acd.v1.unit.AnnotatorForClinicalDataAcdTest</td>
<td></td>
<td>0</td>
<td>com.ibm.watson.health.acd.v1.unit.AnnotatorForClinicalDataAcdTest@1bf10539</td></tr>
<tr>
<td title='com.ibm.watson.health.acd.v1.model.DeleteUserSpecificArtifactsOptionsTest.testDeleteUserSpecificArtifactsOptions()'><b>testDeleteUserSpecificArtifactsOptions</b><br>Test class: com.ibm.watson.health.acd.v1.model.DeleteUserSpecificArtifactsOptionsTest</td>
<td></td>
<td>0</td>
<td>com.ibm.watson.health.acd.v1.model.DeleteUserSpecificArtifactsOptionsTest@23d23d98</td></tr>
<tr>
<td title='com.ibm.watson.health.acd.v1.unit.AnnotatorForClinicalDataAcdTest.testDeleteUserSpecificArtifactsWOptions()'><b>testDeleteUserSpecificArtifactsWOptions</b><br>Test class: com.ibm.watson.health.acd.v1.unit.AnnotatorForClinicalDataAcdTest</td>
<td></td>
<td>0</td>
<td>com.ibm.watson.health.acd.v1.unit.AnnotatorForClinicalDataAcdTest@1bf10539</td></tr>
<tr>
<td title='com.ibm.watson.health.acd.v1.model.DeployCartridgeOptionsTest.testDeployCartridgeOptions()'><b>testDeployCartridgeOptions</b><br>Test class: com.ibm.watson.health.acd.v1.model.DeployCartridgeOptionsTest</td>
<td></td>
<td>0</td>
<td>com.ibm.watson.health.acd.v1.model.DeployCartridgeOptionsTest@41abee65</td></tr>
<tr>
<td title='com.ibm.watson.health.acd.v1.model.DeployCartridgeResponseTest.testDeployCartridgeResponse()'><b>testDeployCartridgeResponse</b><br>Test class: com.ibm.watson.health.acd.v1.model.DeployCartridgeResponseTest</td>
<td></td>
<td>0</td>
<td>com.ibm.watson.health.acd.v1.model.DeployCartridgeResponseTest@afb7b03</td></tr>
<tr>
<td title='com.ibm.watson.health.acd.v1.unit.AnnotatorForClinicalDataAcdTest.testDeployCartridgeWOptions()'><b>testDeployCartridgeWOptions</b><br>Test class: com.ibm.watson.health.acd.v1.unit.AnnotatorForClinicalDataAcdTest</td>
<td></td>
<td>0</td>
<td>com.ibm.watson.health.acd.v1.unit.AnnotatorForClinicalDataAcdTest@1bf10539</td></tr>
<tr>
<td title='com.ibm.watson.health.acd.v1.model.EntityTest.testEntity()'><b>testEntity</b><br>Test class: com.ibm.watson.health.acd.v1.model.EntityTest</td>
<td></td>
<td>0</td>
<td>com.ibm.watson.health.acd.v1.model.EntityTest@2e057637</td></tr>
<tr>
<td title='com.ibm.watson.health.acd.v1.model.FlowTest.testFlow()'><b>testFlow</b><br>Test class: com.ibm.watson.health.acd.v1.model.FlowTest</td>
<td></td>
<td>0</td>
<td>com.ibm.watson.health.acd.v1.model.FlowTest@67f266bd</td></tr>
<tr>
<td title='com.ibm.watson.health.acd.v1.model.FlowEntryTest.testFlowEntry()'><b>testFlowEntry</b><br>Test class: com.ibm.watson.health.acd.v1.model.FlowEntryTest</td>
<td></td>
<td>0</td>
<td>com.ibm.watson.health.acd.v1.model.FlowEntryTest@6a3e633a</td></tr>
<tr>
<td title='com.ibm.watson.health.acd.v1.unit.AnnotatorForClinicalDataAcdTest.testGetAnnotatorsByIdNoOptions()'><b>testGetAnnotatorsByIdNoOptions</b><br>Test class: com.ibm.watson.health.acd.v1.unit.AnnotatorForClinicalDataAcdTest</td>
<td><div><pre>java.lang.IllegalArgumentException: getAnnotatorsByIdOptions cannot be null
	at com.ibm.cloud.sdk.core.util.Validator.notNull(Validator.java:97)
	at com.ibm.watson.health.acd.v1.AnnotatorForClinicalData.getAnnotatorsById(AnnotatorForClinicalData.java:1204)
	at com.ibm.watson.health.acd.v1.unit.AnnotatorForClinicalDataAcdTest.testGetAnnotatorsByIdNoOptions(AnnotatorForClinicalDataAcdTest.java:979)
	at java.util.ArrayList.forEach(ArrayList.java:1257)
... Removed 37 stack frames</pre></div><a href='#' onClick='toggleBox("stack-trace335484826", this, "Click to show all stack frames", "Click to hide stack frames")'>Click to show all stack frames</a>
<div class='stack-trace' id='stack-trace335484826'><pre>java.lang.IllegalArgumentException: getAnnotatorsByIdOptions cannot be null
	at com.ibm.cloud.sdk.core.util.Validator.notNull(Validator.java:97)
	at com.ibm.watson.health.acd.v1.AnnotatorForClinicalData.getAnnotatorsById(AnnotatorForClinicalData.java:1204)
	at com.ibm.watson.health.acd.v1.unit.AnnotatorForClinicalDataAcdTest.testGetAnnotatorsByIdNoOptions(AnnotatorForClinicalDataAcdTest.java:979)
	at sun.reflect.NativeMethodAccessorImpl.invoke0(Native Method)
	at sun.reflect.NativeMethodAccessorImpl.invoke(NativeMethodAccessorImpl.java:62)
	at sun.reflect.DelegatingMethodAccessorImpl.invoke(DelegatingMethodAccessorImpl.java:43)
	at java.lang.reflect.Method.invoke(Method.java:498)
	at org.testng.internal.MethodInvocationHelper.invokeMethod(MethodInvocationHelper.java:134)
	at org.testng.internal.TestInvoker.invokeMethod(TestInvoker.java:597)
	at org.testng.internal.TestInvoker.invokeTestMethod(TestInvoker.java:173)
	at org.testng.internal.MethodRunner.runInSequence(MethodRunner.java:46)
	at org.testng.internal.TestInvoker$MethodInvocationAgent.invoke(TestInvoker.java:816)
	at org.testng.internal.TestInvoker.invokeTestMethods(TestInvoker.java:146)
	at org.testng.internal.TestMethodWorker.invokeTestMethods(TestMethodWorker.java:146)
	at org.testng.internal.TestMethodWorker.run(TestMethodWorker.java:128)
	at java.util.ArrayList.forEach(ArrayList.java:1257)
	at org.testng.TestRunner.privateRun(TestRunner.java:766)
	at org.testng.TestRunner.run(TestRunner.java:587)
	at org.testng.SuiteRunner.runTest(SuiteRunner.java:384)
	at org.testng.SuiteRunner.runSequentially(SuiteRunner.java:378)
	at org.testng.SuiteRunner.privateRun(SuiteRunner.java:337)
	at org.testng.SuiteRunner.run(SuiteRunner.java:286)
	at org.testng.SuiteRunnerWorker.runSuite(SuiteRunnerWorker.java:53)
	at org.testng.SuiteRunnerWorker.run(SuiteRunnerWorker.java:96)
	at org.testng.TestNG.runSuitesSequentially(TestNG.java:1187)
	at org.testng.TestNG.runSuitesLocally(TestNG.java:1109)
	at org.testng.TestNG.runSuites(TestNG.java:1039)
	at org.testng.TestNG.run(TestNG.java:1007)
	at org.apache.maven.surefire.testng.TestNGExecutor.run(TestNGExecutor.java:77)
	at org.apache.maven.surefire.testng.TestNGDirectoryTestSuite.executeMulti(TestNGDirectoryTestSuite.java:159)
	at org.apache.maven.surefire.testng.TestNGDirectoryTestSuite.execute(TestNGDirectoryTestSuite.java:99)
	at org.apache.maven.surefire.testng.TestNGProvider.invoke(TestNGProvider.java:106)
	at sun.reflect.NativeMethodAccessorImpl.invoke0(Native Method)
	at sun.reflect.NativeMethodAccessorImpl.invoke(NativeMethodAccessorImpl.java:62)
	at sun.reflect.DelegatingMethodAccessorImpl.invoke(DelegatingMethodAccessorImpl.java:43)
	at java.lang.reflect.Method.invoke(Method.java:498)
	at org.apache.maven.surefire.util.ReflectionUtils.invokeMethodWithArray(ReflectionUtils.java:189)
	at org.apache.maven.surefire.booter.ProviderFactory$ProviderProxy.invoke(ProviderFactory.java:165)
	at org.apache.maven.surefire.booter.ProviderFactory.invokeProvider(ProviderFactory.java:85)
	at org.apache.maven.surefire.booter.ForkedBooter.runSuitesInProcess(ForkedBooter.java:115)
	at org.apache.maven.surefire.booter.ForkedBooter.main(ForkedBooter.java:75)
</pre></div></td>
<td>0</td>
<td>com.ibm.watson.health.acd.v1.unit.AnnotatorForClinicalDataAcdTest@1bf10539</td></tr>
<tr>
<td title='com.ibm.watson.health.acd.v1.model.GetAnnotatorsByIdOptionsTest.testGetAnnotatorsByIdOptions()'><b>testGetAnnotatorsByIdOptions</b><br>Test class: com.ibm.watson.health.acd.v1.model.GetAnnotatorsByIdOptionsTest</td>
<td></td>
<td>0</td>
<td>com.ibm.watson.health.acd.v1.model.GetAnnotatorsByIdOptionsTest@4fd63c43</td></tr>
<tr>
<td title='com.ibm.watson.health.acd.v1.model.GetAnnotatorsByIdOptionsTest.testGetAnnotatorsByIdOptionsError()'><b>testGetAnnotatorsByIdOptionsError</b><br>Test class: com.ibm.watson.health.acd.v1.model.GetAnnotatorsByIdOptionsTest</td>
<td><div><pre>java.lang.IllegalArgumentException: id cannot be empty
	at com.ibm.cloud.sdk.core.util.Validator.notEmpty(Validator.java:84)
	at com.ibm.watson.health.acd.v1.model.GetAnnotatorsByIdOptions.&lt;init&gt;(GetAnnotatorsByIdOptions.java:71)
	at com.ibm.watson.health.acd.v1.model.GetAnnotatorsByIdOptions$Builder.build(GetAnnotatorsByIdOptions.java:55)
	at com.ibm.watson.health.acd.v1.model.GetAnnotatorsByIdOptionsTest.testGetAnnotatorsByIdOptionsError(GetAnnotatorsByIdOptionsTest.java:44)
	at java.util.ArrayList.forEach(ArrayList.java:1257)
... Removed 37 stack frames</pre></div><a href='#' onClick='toggleBox("stack-trace332151172", this, "Click to show all stack frames", "Click to hide stack frames")'>Click to show all stack frames</a>
<div class='stack-trace' id='stack-trace332151172'><pre>java.lang.IllegalArgumentException: id cannot be empty
	at com.ibm.cloud.sdk.core.util.Validator.notEmpty(Validator.java:84)
	at com.ibm.watson.health.acd.v1.model.GetAnnotatorsByIdOptions.&lt;init&gt;(GetAnnotatorsByIdOptions.java:71)
	at com.ibm.watson.health.acd.v1.model.GetAnnotatorsByIdOptions$Builder.build(GetAnnotatorsByIdOptions.java:55)
	at com.ibm.watson.health.acd.v1.model.GetAnnotatorsByIdOptionsTest.testGetAnnotatorsByIdOptionsError(GetAnnotatorsByIdOptionsTest.java:44)
	at sun.reflect.NativeMethodAccessorImpl.invoke0(Native Method)
	at sun.reflect.NativeMethodAccessorImpl.invoke(NativeMethodAccessorImpl.java:62)
	at sun.reflect.DelegatingMethodAccessorImpl.invoke(DelegatingMethodAccessorImpl.java:43)
	at java.lang.reflect.Method.invoke(Method.java:498)
	at org.testng.internal.MethodInvocationHelper.invokeMethod(MethodInvocationHelper.java:134)
	at org.testng.internal.TestInvoker.invokeMethod(TestInvoker.java:597)
	at org.testng.internal.TestInvoker.invokeTestMethod(TestInvoker.java:173)
	at org.testng.internal.MethodRunner.runInSequence(MethodRunner.java:46)
	at org.testng.internal.TestInvoker$MethodInvocationAgent.invoke(TestInvoker.java:816)
	at org.testng.internal.TestInvoker.invokeTestMethods(TestInvoker.java:146)
	at org.testng.internal.TestMethodWorker.invokeTestMethods(TestMethodWorker.java:146)
	at org.testng.internal.TestMethodWorker.run(TestMethodWorker.java:128)
	at java.util.ArrayList.forEach(ArrayList.java:1257)
	at org.testng.TestRunner.privateRun(TestRunner.java:766)
	at org.testng.TestRunner.run(TestRunner.java:587)
	at org.testng.SuiteRunner.runTest(SuiteRunner.java:384)
	at org.testng.SuiteRunner.runSequentially(SuiteRunner.java:378)
	at org.testng.SuiteRunner.privateRun(SuiteRunner.java:337)
	at org.testng.SuiteRunner.run(SuiteRunner.java:286)
	at org.testng.SuiteRunnerWorker.runSuite(SuiteRunnerWorker.java:53)
	at org.testng.SuiteRunnerWorker.run(SuiteRunnerWorker.java:96)
	at org.testng.TestNG.runSuitesSequentially(TestNG.java:1187)
	at org.testng.TestNG.runSuitesLocally(TestNG.java:1109)
	at org.testng.TestNG.runSuites(TestNG.java:1039)
	at org.testng.TestNG.run(TestNG.java:1007)
	at org.apache.maven.surefire.testng.TestNGExecutor.run(TestNGExecutor.java:77)
	at org.apache.maven.surefire.testng.TestNGDirectoryTestSuite.executeMulti(TestNGDirectoryTestSuite.java:159)
	at org.apache.maven.surefire.testng.TestNGDirectoryTestSuite.execute(TestNGDirectoryTestSuite.java:99)
	at org.apache.maven.surefire.testng.TestNGProvider.invoke(TestNGProvider.java:106)
	at sun.reflect.NativeMethodAccessorImpl.invoke0(Native Method)
	at sun.reflect.NativeMethodAccessorImpl.invoke(NativeMethodAccessorImpl.java:62)
	at sun.reflect.DelegatingMethodAccessorImpl.invoke(DelegatingMethodAccessorImpl.java:43)
	at java.lang.reflect.Method.invoke(Method.java:498)
	at org.apache.maven.surefire.util.ReflectionUtils.invokeMethodWithArray(ReflectionUtils.java:189)
	at org.apache.maven.surefire.booter.ProviderFactory$ProviderProxy.invoke(ProviderFactory.java:165)
	at org.apache.maven.surefire.booter.ProviderFactory.invokeProvider(ProviderFactory.java:85)
	at org.apache.maven.surefire.booter.ForkedBooter.runSuitesInProcess(ForkedBooter.java:115)
	at org.apache.maven.surefire.booter.ForkedBooter.main(ForkedBooter.java:75)
</pre></div></td>
<td>0</td>
<td>com.ibm.watson.health.acd.v1.model.GetAnnotatorsByIdOptionsTest@4fd63c43</td></tr>
<tr>
<td title='com.ibm.watson.health.acd.v1.unit.AnnotatorForClinicalDataAcdTest.testGetAnnotatorsByIdWOptions()'><b>testGetAnnotatorsByIdWOptions</b><br>Test class: com.ibm.watson.health.acd.v1.unit.AnnotatorForClinicalDataAcdTest</td>
<td></td>
<td>0</td>
<td>com.ibm.watson.health.acd.v1.unit.AnnotatorForClinicalDataAcdTest@1bf10539</td></tr>
<tr>
<td title='com.ibm.watson.health.acd.v1.model.GetAnnotatorsOptionsTest.testGetAnnotatorsOptions()'><b>testGetAnnotatorsOptions</b><br>Test class: com.ibm.watson.health.acd.v1.model.GetAnnotatorsOptionsTest</td>
<td></td>
<td>0</td>
<td>com.ibm.watson.health.acd.v1.model.GetAnnotatorsOptionsTest@5ced0537</td></tr>
<tr>
<td title='com.ibm.watson.health.acd.v1.unit.AnnotatorForClinicalDataAcdTest.testGetAnnotatorsWOptions()'><b>testGetAnnotatorsWOptions</b><br>Test class: com.ibm.watson.health.acd.v1.unit.AnnotatorForClinicalDataAcdTest</td>
<td></td>
<td>0</td>
<td>com.ibm.watson.health.acd.v1.unit.AnnotatorForClinicalDataAcdTest@1bf10539</td></tr>
<tr>
<td title='com.ibm.watson.health.acd.v1.unit.AnnotatorForClinicalDataAcdTest.testGetFlowsByIdNoOptions()'><b>testGetFlowsByIdNoOptions</b><br>Test class: com.ibm.watson.health.acd.v1.unit.AnnotatorForClinicalDataAcdTest</td>
<td><div><pre>java.lang.IllegalArgumentException: getFlowsByIdOptions cannot be null
	at com.ibm.cloud.sdk.core.util.Validator.notNull(Validator.java:97)
	at com.ibm.watson.health.acd.v1.AnnotatorForClinicalData.getFlowsById(AnnotatorForClinicalData.java:541)
	at com.ibm.watson.health.acd.v1.unit.AnnotatorForClinicalDataAcdTest.testGetFlowsByIdNoOptions(AnnotatorForClinicalDataAcdTest.java:568)
	at java.util.ArrayList.forEach(ArrayList.java:1257)
... Removed 37 stack frames</pre></div><a href='#' onClick='toggleBox("stack-trace181276921", this, "Click to show all stack frames", "Click to hide stack frames")'>Click to show all stack frames</a>
<div class='stack-trace' id='stack-trace181276921'><pre>java.lang.IllegalArgumentException: getFlowsByIdOptions cannot be null
	at com.ibm.cloud.sdk.core.util.Validator.notNull(Validator.java:97)
	at com.ibm.watson.health.acd.v1.AnnotatorForClinicalData.getFlowsById(AnnotatorForClinicalData.java:541)
	at com.ibm.watson.health.acd.v1.unit.AnnotatorForClinicalDataAcdTest.testGetFlowsByIdNoOptions(AnnotatorForClinicalDataAcdTest.java:568)
	at sun.reflect.NativeMethodAccessorImpl.invoke0(Native Method)
	at sun.reflect.NativeMethodAccessorImpl.invoke(NativeMethodAccessorImpl.java:62)
	at sun.reflect.DelegatingMethodAccessorImpl.invoke(DelegatingMethodAccessorImpl.java:43)
	at java.lang.reflect.Method.invoke(Method.java:498)
	at org.testng.internal.MethodInvocationHelper.invokeMethod(MethodInvocationHelper.java:134)
	at org.testng.internal.TestInvoker.invokeMethod(TestInvoker.java:597)
	at org.testng.internal.TestInvoker.invokeTestMethod(TestInvoker.java:173)
	at org.testng.internal.MethodRunner.runInSequence(MethodRunner.java:46)
	at org.testng.internal.TestInvoker$MethodInvocationAgent.invoke(TestInvoker.java:816)
	at org.testng.internal.TestInvoker.invokeTestMethods(TestInvoker.java:146)
	at org.testng.internal.TestMethodWorker.invokeTestMethods(TestMethodWorker.java:146)
	at org.testng.internal.TestMethodWorker.run(TestMethodWorker.java:128)
	at java.util.ArrayList.forEach(ArrayList.java:1257)
	at org.testng.TestRunner.privateRun(TestRunner.java:766)
	at org.testng.TestRunner.run(TestRunner.java:587)
	at org.testng.SuiteRunner.runTest(SuiteRunner.java:384)
	at org.testng.SuiteRunner.runSequentially(SuiteRunner.java:378)
	at org.testng.SuiteRunner.privateRun(SuiteRunner.java:337)
	at org.testng.SuiteRunner.run(SuiteRunner.java:286)
	at org.testng.SuiteRunnerWorker.runSuite(SuiteRunnerWorker.java:53)
	at org.testng.SuiteRunnerWorker.run(SuiteRunnerWorker.java:96)
	at org.testng.TestNG.runSuitesSequentially(TestNG.java:1187)
	at org.testng.TestNG.runSuitesLocally(TestNG.java:1109)
	at org.testng.TestNG.runSuites(TestNG.java:1039)
	at org.testng.TestNG.run(TestNG.java:1007)
	at org.apache.maven.surefire.testng.TestNGExecutor.run(TestNGExecutor.java:77)
	at org.apache.maven.surefire.testng.TestNGDirectoryTestSuite.executeMulti(TestNGDirectoryTestSuite.java:159)
	at org.apache.maven.surefire.testng.TestNGDirectoryTestSuite.execute(TestNGDirectoryTestSuite.java:99)
	at org.apache.maven.surefire.testng.TestNGProvider.invoke(TestNGProvider.java:106)
	at sun.reflect.NativeMethodAccessorImpl.invoke0(Native Method)
	at sun.reflect.NativeMethodAccessorImpl.invoke(NativeMethodAccessorImpl.java:62)
	at sun.reflect.DelegatingMethodAccessorImpl.invoke(DelegatingMethodAccessorImpl.java:43)
	at java.lang.reflect.Method.invoke(Method.java:498)
	at org.apache.maven.surefire.util.ReflectionUtils.invokeMethodWithArray(ReflectionUtils.java:189)
	at org.apache.maven.surefire.booter.ProviderFactory$ProviderProxy.invoke(ProviderFactory.java:165)
	at org.apache.maven.surefire.booter.ProviderFactory.invokeProvider(ProviderFactory.java:85)
	at org.apache.maven.surefire.booter.ForkedBooter.runSuitesInProcess(ForkedBooter.java:115)
	at org.apache.maven.surefire.booter.ForkedBooter.main(ForkedBooter.java:75)
</pre></div></td>
<td>0</td>
<td>com.ibm.watson.health.acd.v1.unit.AnnotatorForClinicalDataAcdTest@1bf10539</td></tr>
<tr>
<td title='com.ibm.watson.health.acd.v1.model.GetFlowsByIdOptionsTest.testGetFlowsByIdOptions()'><b>testGetFlowsByIdOptions</b><br>Test class: com.ibm.watson.health.acd.v1.model.GetFlowsByIdOptionsTest</td>
<td></td>
<td>0</td>
<td>com.ibm.watson.health.acd.v1.model.GetFlowsByIdOptionsTest@30ed2a26</td></tr>
<tr>
<td title='com.ibm.watson.health.acd.v1.model.GetFlowsByIdOptionsTest.testGetFlowsByIdOptionsError()'><b>testGetFlowsByIdOptionsError</b><br>Test class: com.ibm.watson.health.acd.v1.model.GetFlowsByIdOptionsTest</td>
<td><div><pre>java.lang.IllegalArgumentException: id cannot be empty
	at com.ibm.cloud.sdk.core.util.Validator.notEmpty(Validator.java:84)
	at com.ibm.watson.health.acd.v1.model.GetFlowsByIdOptions.&lt;init&gt;(GetFlowsByIdOptions.java:71)
	at com.ibm.watson.health.acd.v1.model.GetFlowsByIdOptions$Builder.build(GetFlowsByIdOptions.java:55)
	at com.ibm.watson.health.acd.v1.model.GetFlowsByIdOptionsTest.testGetFlowsByIdOptionsError(GetFlowsByIdOptionsTest.java:44)
	at java.util.ArrayList.forEach(ArrayList.java:1257)
... Removed 37 stack frames</pre></div><a href='#' onClick='toggleBox("stack-trace1030218707", this, "Click to show all stack frames", "Click to hide stack frames")'>Click to show all stack frames</a>
<div class='stack-trace' id='stack-trace1030218707'><pre>java.lang.IllegalArgumentException: id cannot be empty
	at com.ibm.cloud.sdk.core.util.Validator.notEmpty(Validator.java:84)
	at com.ibm.watson.health.acd.v1.model.GetFlowsByIdOptions.&lt;init&gt;(GetFlowsByIdOptions.java:71)
	at com.ibm.watson.health.acd.v1.model.GetFlowsByIdOptions$Builder.build(GetFlowsByIdOptions.java:55)
	at com.ibm.watson.health.acd.v1.model.GetFlowsByIdOptionsTest.testGetFlowsByIdOptionsError(GetFlowsByIdOptionsTest.java:44)
	at sun.reflect.NativeMethodAccessorImpl.invoke0(Native Method)
	at sun.reflect.NativeMethodAccessorImpl.invoke(NativeMethodAccessorImpl.java:62)
	at sun.reflect.DelegatingMethodAccessorImpl.invoke(DelegatingMethodAccessorImpl.java:43)
	at java.lang.reflect.Method.invoke(Method.java:498)
	at org.testng.internal.MethodInvocationHelper.invokeMethod(MethodInvocationHelper.java:134)
	at org.testng.internal.TestInvoker.invokeMethod(TestInvoker.java:597)
	at org.testng.internal.TestInvoker.invokeTestMethod(TestInvoker.java:173)
	at org.testng.internal.MethodRunner.runInSequence(MethodRunner.java:46)
	at org.testng.internal.TestInvoker$MethodInvocationAgent.invoke(TestInvoker.java:816)
	at org.testng.internal.TestInvoker.invokeTestMethods(TestInvoker.java:146)
	at org.testng.internal.TestMethodWorker.invokeTestMethods(TestMethodWorker.java:146)
	at org.testng.internal.TestMethodWorker.run(TestMethodWorker.java:128)
	at java.util.ArrayList.forEach(ArrayList.java:1257)
	at org.testng.TestRunner.privateRun(TestRunner.java:766)
	at org.testng.TestRunner.run(TestRunner.java:587)
	at org.testng.SuiteRunner.runTest(SuiteRunner.java:384)
	at org.testng.SuiteRunner.runSequentially(SuiteRunner.java:378)
	at org.testng.SuiteRunner.privateRun(SuiteRunner.java:337)
	at org.testng.SuiteRunner.run(SuiteRunner.java:286)
	at org.testng.SuiteRunnerWorker.runSuite(SuiteRunnerWorker.java:53)
	at org.testng.SuiteRunnerWorker.run(SuiteRunnerWorker.java:96)
	at org.testng.TestNG.runSuitesSequentially(TestNG.java:1187)
	at org.testng.TestNG.runSuitesLocally(TestNG.java:1109)
	at org.testng.TestNG.runSuites(TestNG.java:1039)
	at org.testng.TestNG.run(TestNG.java:1007)
	at org.apache.maven.surefire.testng.TestNGExecutor.run(TestNGExecutor.java:77)
	at org.apache.maven.surefire.testng.TestNGDirectoryTestSuite.executeMulti(TestNGDirectoryTestSuite.java:159)
	at org.apache.maven.surefire.testng.TestNGDirectoryTestSuite.execute(TestNGDirectoryTestSuite.java:99)
	at org.apache.maven.surefire.testng.TestNGProvider.invoke(TestNGProvider.java:106)
	at sun.reflect.NativeMethodAccessorImpl.invoke0(Native Method)
	at sun.reflect.NativeMethodAccessorImpl.invoke(NativeMethodAccessorImpl.java:62)
	at sun.reflect.DelegatingMethodAccessorImpl.invoke(DelegatingMethodAccessorImpl.java:43)
	at java.lang.reflect.Method.invoke(Method.java:498)
	at org.apache.maven.surefire.util.ReflectionUtils.invokeMethodWithArray(ReflectionUtils.java:189)
	at org.apache.maven.surefire.booter.ProviderFactory$ProviderProxy.invoke(ProviderFactory.java:165)
	at org.apache.maven.surefire.booter.ProviderFactory.invokeProvider(ProviderFactory.java:85)
	at org.apache.maven.surefire.booter.ForkedBooter.runSuitesInProcess(ForkedBooter.java:115)
	at org.apache.maven.surefire.booter.ForkedBooter.main(ForkedBooter.java:75)
</pre></div></td>
<td>0</td>
<td>com.ibm.watson.health.acd.v1.model.GetFlowsByIdOptionsTest@30ed2a26</td></tr>
<tr>
<td title='com.ibm.watson.health.acd.v1.unit.AnnotatorForClinicalDataAcdTest.testGetFlowsByIdWOptions()'><b>testGetFlowsByIdWOptions</b><br>Test class: com.ibm.watson.health.acd.v1.unit.AnnotatorForClinicalDataAcdTest</td>
<td></td>
<td>0</td>
<td>com.ibm.watson.health.acd.v1.unit.AnnotatorForClinicalDataAcdTest@1bf10539</td></tr>
<tr>
<td title='com.ibm.watson.health.acd.v1.model.GetFlowsOptionsTest.testGetFlowsOptions()'><b>testGetFlowsOptions</b><br>Test class: com.ibm.watson.health.acd.v1.model.GetFlowsOptionsTest</td>
<td></td>
<td>0</td>
<td>com.ibm.watson.health.acd.v1.model.GetFlowsOptionsTest@6b630d4b</td></tr>
<tr>
<td title='com.ibm.watson.health.acd.v1.unit.AnnotatorForClinicalDataAcdTest.testGetFlowsWOptions()'><b>testGetFlowsWOptions</b><br>Test class: com.ibm.watson.health.acd.v1.unit.AnnotatorForClinicalDataAcdTest</td>
<td></td>
<td>0</td>
<td>com.ibm.watson.health.acd.v1.unit.AnnotatorForClinicalDataAcdTest@1bf10539</td></tr>
<tr>
<td title='com.ibm.watson.health.acd.v1.model.GetHealthCheckStatusOptionsTest.testGetHealthCheckStatusOptions()'><b>testGetHealthCheckStatusOptions</b><br>Test class: com.ibm.watson.health.acd.v1.model.GetHealthCheckStatusOptionsTest</td>
<td></td>
<td>0</td>
<td>com.ibm.watson.health.acd.v1.model.GetHealthCheckStatusOptionsTest@1fd35a92</td></tr>
<tr>
<td title='com.ibm.watson.health.acd.v1.unit.AnnotatorForClinicalDataAcdTest.testGetHealthCheckStatusWOptions()'><b>testGetHealthCheckStatusWOptions</b><br>Test class: com.ibm.watson.health.acd.v1.unit.AnnotatorForClinicalDataAcdTest</td>
<td></td>
<td>0</td>
<td>com.ibm.watson.health.acd.v1.unit.AnnotatorForClinicalDataAcdTest@1bf10539</td></tr>
<tr>
<td title='com.ibm.watson.health.acd.v1.unit.AnnotatorForClinicalDataAcdTest.testGetProfileNoOptions()'><b>testGetProfileNoOptions</b><br>Test class: com.ibm.watson.health.acd.v1.unit.AnnotatorForClinicalDataAcdTest</td>
<td><div><pre>java.lang.IllegalArgumentException: getProfileOptions cannot be null
	at com.ibm.cloud.sdk.core.util.Validator.notNull(Validator.java:97)
	at com.ibm.watson.health.acd.v1.AnnotatorForClinicalData.getProfile(AnnotatorForClinicalData.java:295)
	at com.ibm.watson.health.acd.v1.unit.AnnotatorForClinicalDataAcdTest.testGetProfileNoOptions(AnnotatorForClinicalDataAcdTest.java:280)
	at java.util.ArrayList.forEach(ArrayList.java:1257)
... Removed 37 stack frames</pre></div><a href='#' onClick='toggleBox("stack-trace532467843", this, "Click to show all stack frames", "Click to hide stack frames")'>Click to show all stack frames</a>
<div class='stack-trace' id='stack-trace532467843'><pre>java.lang.IllegalArgumentException: getProfileOptions cannot be null
	at com.ibm.cloud.sdk.core.util.Validator.notNull(Validator.java:97)
	at com.ibm.watson.health.acd.v1.AnnotatorForClinicalData.getProfile(AnnotatorForClinicalData.java:295)
	at com.ibm.watson.health.acd.v1.unit.AnnotatorForClinicalDataAcdTest.testGetProfileNoOptions(AnnotatorForClinicalDataAcdTest.java:280)
	at sun.reflect.NativeMethodAccessorImpl.invoke0(Native Method)
	at sun.reflect.NativeMethodAccessorImpl.invoke(NativeMethodAccessorImpl.java:62)
	at sun.reflect.DelegatingMethodAccessorImpl.invoke(DelegatingMethodAccessorImpl.java:43)
	at java.lang.reflect.Method.invoke(Method.java:498)
	at org.testng.internal.MethodInvocationHelper.invokeMethod(MethodInvocationHelper.java:134)
	at org.testng.internal.TestInvoker.invokeMethod(TestInvoker.java:597)
	at org.testng.internal.TestInvoker.invokeTestMethod(TestInvoker.java:173)
	at org.testng.internal.MethodRunner.runInSequence(MethodRunner.java:46)
	at org.testng.internal.TestInvoker$MethodInvocationAgent.invoke(TestInvoker.java:816)
	at org.testng.internal.TestInvoker.invokeTestMethods(TestInvoker.java:146)
	at org.testng.internal.TestMethodWorker.invokeTestMethods(TestMethodWorker.java:146)
	at org.testng.internal.TestMethodWorker.run(TestMethodWorker.java:128)
	at java.util.ArrayList.forEach(ArrayList.java:1257)
	at org.testng.TestRunner.privateRun(TestRunner.java:766)
	at org.testng.TestRunner.run(TestRunner.java:587)
	at org.testng.SuiteRunner.runTest(SuiteRunner.java:384)
	at org.testng.SuiteRunner.runSequentially(SuiteRunner.java:378)
	at org.testng.SuiteRunner.privateRun(SuiteRunner.java:337)
	at org.testng.SuiteRunner.run(SuiteRunner.java:286)
	at org.testng.SuiteRunnerWorker.runSuite(SuiteRunnerWorker.java:53)
	at org.testng.SuiteRunnerWorker.run(SuiteRunnerWorker.java:96)
	at org.testng.TestNG.runSuitesSequentially(TestNG.java:1187)
	at org.testng.TestNG.runSuitesLocally(TestNG.java:1109)
	at org.testng.TestNG.runSuites(TestNG.java:1039)
	at org.testng.TestNG.run(TestNG.java:1007)
	at org.apache.maven.surefire.testng.TestNGExecutor.run(TestNGExecutor.java:77)
	at org.apache.maven.surefire.testng.TestNGDirectoryTestSuite.executeMulti(TestNGDirectoryTestSuite.java:159)
	at org.apache.maven.surefire.testng.TestNGDirectoryTestSuite.execute(TestNGDirectoryTestSuite.java:99)
	at org.apache.maven.surefire.testng.TestNGProvider.invoke(TestNGProvider.java:106)
	at sun.reflect.NativeMethodAccessorImpl.invoke0(Native Method)
	at sun.reflect.NativeMethodAccessorImpl.invoke(NativeMethodAccessorImpl.java:62)
	at sun.reflect.DelegatingMethodAccessorImpl.invoke(DelegatingMethodAccessorImpl.java:43)
	at java.lang.reflect.Method.invoke(Method.java:498)
	at org.apache.maven.surefire.util.ReflectionUtils.invokeMethodWithArray(ReflectionUtils.java:189)
	at org.apache.maven.surefire.booter.ProviderFactory$ProviderProxy.invoke(ProviderFactory.java:165)
	at org.apache.maven.surefire.booter.ProviderFactory.invokeProvider(ProviderFactory.java:85)
	at org.apache.maven.surefire.booter.ForkedBooter.runSuitesInProcess(ForkedBooter.java:115)
	at org.apache.maven.surefire.booter.ForkedBooter.main(ForkedBooter.java:75)
</pre></div></td>
<td>0</td>
<td>com.ibm.watson.health.acd.v1.unit.AnnotatorForClinicalDataAcdTest@1bf10539</td></tr>
<tr>
<td title='com.ibm.watson.health.acd.v1.model.GetProfileOptionsTest.testGetProfileOptions()'><b>testGetProfileOptions</b><br>Test class: com.ibm.watson.health.acd.v1.model.GetProfileOptionsTest</td>
<td></td>
<td>0</td>
<td>com.ibm.watson.health.acd.v1.model.GetProfileOptionsTest@6ee1ddcf</td></tr>
<tr>
<td title='com.ibm.watson.health.acd.v1.model.GetProfileOptionsTest.testGetProfileOptionsError()'><b>testGetProfileOptionsError</b><br>Test class: com.ibm.watson.health.acd.v1.model.GetProfileOptionsTest</td>
<td><div><pre>java.lang.IllegalArgumentException: id cannot be empty
	at com.ibm.cloud.sdk.core.util.Validator.notEmpty(Validator.java:84)
	at com.ibm.watson.health.acd.v1.model.GetProfileOptions.&lt;init&gt;(GetProfileOptions.java:71)
	at com.ibm.watson.health.acd.v1.model.GetProfileOptions$Builder.build(GetProfileOptions.java:55)
	at com.ibm.watson.health.acd.v1.model.GetProfileOptionsTest.testGetProfileOptionsError(GetProfileOptionsTest.java:44)
	at java.util.ArrayList.forEach(ArrayList.java:1257)
... Removed 37 stack frames</pre></div><a href='#' onClick='toggleBox("stack-trace62505055", this, "Click to show all stack frames", "Click to hide stack frames")'>Click to show all stack frames</a>
<div class='stack-trace' id='stack-trace62505055'><pre>java.lang.IllegalArgumentException: id cannot be empty
	at com.ibm.cloud.sdk.core.util.Validator.notEmpty(Validator.java:84)
	at com.ibm.watson.health.acd.v1.model.GetProfileOptions.&lt;init&gt;(GetProfileOptions.java:71)
	at com.ibm.watson.health.acd.v1.model.GetProfileOptions$Builder.build(GetProfileOptions.java:55)
	at com.ibm.watson.health.acd.v1.model.GetProfileOptionsTest.testGetProfileOptionsError(GetProfileOptionsTest.java:44)
	at sun.reflect.NativeMethodAccessorImpl.invoke0(Native Method)
	at sun.reflect.NativeMethodAccessorImpl.invoke(NativeMethodAccessorImpl.java:62)
	at sun.reflect.DelegatingMethodAccessorImpl.invoke(DelegatingMethodAccessorImpl.java:43)
	at java.lang.reflect.Method.invoke(Method.java:498)
	at org.testng.internal.MethodInvocationHelper.invokeMethod(MethodInvocationHelper.java:134)
	at org.testng.internal.TestInvoker.invokeMethod(TestInvoker.java:597)
	at org.testng.internal.TestInvoker.invokeTestMethod(TestInvoker.java:173)
	at org.testng.internal.MethodRunner.runInSequence(MethodRunner.java:46)
	at org.testng.internal.TestInvoker$MethodInvocationAgent.invoke(TestInvoker.java:816)
	at org.testng.internal.TestInvoker.invokeTestMethods(TestInvoker.java:146)
	at org.testng.internal.TestMethodWorker.invokeTestMethods(TestMethodWorker.java:146)
	at org.testng.internal.TestMethodWorker.run(TestMethodWorker.java:128)
	at java.util.ArrayList.forEach(ArrayList.java:1257)
	at org.testng.TestRunner.privateRun(TestRunner.java:766)
	at org.testng.TestRunner.run(TestRunner.java:587)
	at org.testng.SuiteRunner.runTest(SuiteRunner.java:384)
	at org.testng.SuiteRunner.runSequentially(SuiteRunner.java:378)
	at org.testng.SuiteRunner.privateRun(SuiteRunner.java:337)
	at org.testng.SuiteRunner.run(SuiteRunner.java:286)
	at org.testng.SuiteRunnerWorker.runSuite(SuiteRunnerWorker.java:53)
	at org.testng.SuiteRunnerWorker.run(SuiteRunnerWorker.java:96)
	at org.testng.TestNG.runSuitesSequentially(TestNG.java:1187)
	at org.testng.TestNG.runSuitesLocally(TestNG.java:1109)
	at org.testng.TestNG.runSuites(TestNG.java:1039)
	at org.testng.TestNG.run(TestNG.java:1007)
	at org.apache.maven.surefire.testng.TestNGExecutor.run(TestNGExecutor.java:77)
	at org.apache.maven.surefire.testng.TestNGDirectoryTestSuite.executeMulti(TestNGDirectoryTestSuite.java:159)
	at org.apache.maven.surefire.testng.TestNGDirectoryTestSuite.execute(TestNGDirectoryTestSuite.java:99)
	at org.apache.maven.surefire.testng.TestNGProvider.invoke(TestNGProvider.java:106)
	at sun.reflect.NativeMethodAccessorImpl.invoke0(Native Method)
	at sun.reflect.NativeMethodAccessorImpl.invoke(NativeMethodAccessorImpl.java:62)
	at sun.reflect.DelegatingMethodAccessorImpl.invoke(DelegatingMethodAccessorImpl.java:43)
	at java.lang.reflect.Method.invoke(Method.java:498)
	at org.apache.maven.surefire.util.ReflectionUtils.invokeMethodWithArray(ReflectionUtils.java:189)
	at org.apache.maven.surefire.booter.ProviderFactory$ProviderProxy.invoke(ProviderFactory.java:165)
	at org.apache.maven.surefire.booter.ProviderFactory.invokeProvider(ProviderFactory.java:85)
	at org.apache.maven.surefire.booter.ForkedBooter.runSuitesInProcess(ForkedBooter.java:115)
	at org.apache.maven.surefire.booter.ForkedBooter.main(ForkedBooter.java:75)
</pre></div></td>
<td>0</td>
<td>com.ibm.watson.health.acd.v1.model.GetProfileOptionsTest@6ee1ddcf</td></tr>
<tr>
<td title='com.ibm.watson.health.acd.v1.unit.AnnotatorForClinicalDataAcdTest.testGetProfileWOptions()'><b>testGetProfileWOptions</b><br>Test class: com.ibm.watson.health.acd.v1.unit.AnnotatorForClinicalDataAcdTest</td>
<td></td>
<td>0</td>
<td>com.ibm.watson.health.acd.v1.unit.AnnotatorForClinicalDataAcdTest@1bf10539</td></tr>
<tr>
<td title='com.ibm.watson.health.acd.v1.model.GetProfilesOptionsTest.testGetProfilesOptions()'><b>testGetProfilesOptions</b><br>Test class: com.ibm.watson.health.acd.v1.model.GetProfilesOptionsTest</td>
<td></td>
<td>0</td>
<td>com.ibm.watson.health.acd.v1.model.GetProfilesOptionsTest@2aeb7c4c</td></tr>
<tr>
<td title='com.ibm.watson.health.acd.v1.unit.AnnotatorForClinicalDataAcdTest.testGetProfilesWOptions()'><b>testGetProfilesWOptions</b><br>Test class: com.ibm.watson.health.acd.v1.unit.AnnotatorForClinicalDataAcdTest</td>
<td></td>
<td>0</td>
<td>com.ibm.watson.health.acd.v1.unit.AnnotatorForClinicalDataAcdTest@1bf10539</td></tr>
<tr>
<td title='com.ibm.watson.health.acd.v1.unit.AnnotatorForClinicalDataAcdTest.testGetVersion()'><b>testGetVersion</b><br>Test class: com.ibm.watson.health.acd.v1.unit.AnnotatorForClinicalDataAcdTest</td>
<td></td>
<td>0</td>
<td>com.ibm.watson.health.acd.v1.unit.AnnotatorForClinicalDataAcdTest@1bf10539</td></tr>
<tr>
<td title='com.ibm.watson.health.acd.v1.model.ListStringWrapperTest.testListStringWrapper()'><b>testListStringWrapper</b><br>Test class: com.ibm.watson.health.acd.v1.model.ListStringWrapperTest</td>
<td></td>
<td>0</td>
<td>com.ibm.watson.health.acd.v1.model.ListStringWrapperTest@30437e9c</td></tr>
<tr>
<td title='com.ibm.watson.health.acd.v1.model.RunPipelineOptionsTest.testRunPipelineOptions()'><b>testRunPipelineOptions</b><br>Test class: com.ibm.watson.health.acd.v1.model.RunPipelineOptionsTest</td>
<td></td>
<td>0</td>
<td>com.ibm.watson.health.acd.v1.model.RunPipelineOptionsTest@40db6136</td></tr>
<tr>
<td title='com.ibm.watson.health.acd.v1.unit.AnnotatorForClinicalDataAcdTest.testRunPipelineWOptions()'><b>testRunPipelineWOptions</b><br>Test class: com.ibm.watson.health.acd.v1.unit.AnnotatorForClinicalDataAcdTest</td>
<td></td>
<td>0</td>
<td>com.ibm.watson.health.acd.v1.unit.AnnotatorForClinicalDataAcdTest@1bf10539</td></tr>
<tr>
<td title='com.ibm.watson.health.acd.v1.unit.AnnotatorForClinicalDataAcdTest.testRunPipelineWithFlowNoOptions()'><b>testRunPipelineWithFlowNoOptions</b><br>Test class: com.ibm.watson.health.acd.v1.unit.AnnotatorForClinicalDataAcdTest</td>
<td><div><pre>java.lang.IllegalArgumentException: runPipelineWithFlowOptions cannot be null
	at com.ibm.cloud.sdk.core.util.Validator.notNull(Validator.java:97)
	at com.ibm.watson.health.acd.v1.AnnotatorForClinicalData.runPipelineWithFlow(AnnotatorForClinicalData.java:801)
	at com.ibm.watson.health.acd.v1.unit.AnnotatorForClinicalDataAcdTest.testRunPipelineWithFlowNoOptions(AnnotatorForClinicalDataAcdTest.java:891)
	at java.util.ArrayList.forEach(ArrayList.java:1257)
... Removed 37 stack frames</pre></div><a href='#' onClick='toggleBox("stack-trace1257773377", this, "Click to show all stack frames", "Click to hide stack frames")'>Click to show all stack frames</a>
<div class='stack-trace' id='stack-trace1257773377'><pre>java.lang.IllegalArgumentException: runPipelineWithFlowOptions cannot be null
	at com.ibm.cloud.sdk.core.util.Validator.notNull(Validator.java:97)
	at com.ibm.watson.health.acd.v1.AnnotatorForClinicalData.runPipelineWithFlow(AnnotatorForClinicalData.java:801)
	at com.ibm.watson.health.acd.v1.unit.AnnotatorForClinicalDataAcdTest.testRunPipelineWithFlowNoOptions(AnnotatorForClinicalDataAcdTest.java:891)
	at sun.reflect.NativeMethodAccessorImpl.invoke0(Native Method)
	at sun.reflect.NativeMethodAccessorImpl.invoke(NativeMethodAccessorImpl.java:62)
	at sun.reflect.DelegatingMethodAccessorImpl.invoke(DelegatingMethodAccessorImpl.java:43)
	at java.lang.reflect.Method.invoke(Method.java:498)
	at org.testng.internal.MethodInvocationHelper.invokeMethod(MethodInvocationHelper.java:134)
	at org.testng.internal.TestInvoker.invokeMethod(TestInvoker.java:597)
	at org.testng.internal.TestInvoker.invokeTestMethod(TestInvoker.java:173)
	at org.testng.internal.MethodRunner.runInSequence(MethodRunner.java:46)
	at org.testng.internal.TestInvoker$MethodInvocationAgent.invoke(TestInvoker.java:816)
	at org.testng.internal.TestInvoker.invokeTestMethods(TestInvoker.java:146)
	at org.testng.internal.TestMethodWorker.invokeTestMethods(TestMethodWorker.java:146)
	at org.testng.internal.TestMethodWorker.run(TestMethodWorker.java:128)
	at java.util.ArrayList.forEach(ArrayList.java:1257)
	at org.testng.TestRunner.privateRun(TestRunner.java:766)
	at org.testng.TestRunner.run(TestRunner.java:587)
	at org.testng.SuiteRunner.runTest(SuiteRunner.java:384)
	at org.testng.SuiteRunner.runSequentially(SuiteRunner.java:378)
	at org.testng.SuiteRunner.privateRun(SuiteRunner.java:337)
	at org.testng.SuiteRunner.run(SuiteRunner.java:286)
	at org.testng.SuiteRunnerWorker.runSuite(SuiteRunnerWorker.java:53)
	at org.testng.SuiteRunnerWorker.run(SuiteRunnerWorker.java:96)
	at org.testng.TestNG.runSuitesSequentially(TestNG.java:1187)
	at org.testng.TestNG.runSuitesLocally(TestNG.java:1109)
	at org.testng.TestNG.runSuites(TestNG.java:1039)
	at org.testng.TestNG.run(TestNG.java:1007)
	at org.apache.maven.surefire.testng.TestNGExecutor.run(TestNGExecutor.java:77)
	at org.apache.maven.surefire.testng.TestNGDirectoryTestSuite.executeMulti(TestNGDirectoryTestSuite.java:159)
	at org.apache.maven.surefire.testng.TestNGDirectoryTestSuite.execute(TestNGDirectoryTestSuite.java:99)
	at org.apache.maven.surefire.testng.TestNGProvider.invoke(TestNGProvider.java:106)
	at sun.reflect.NativeMethodAccessorImpl.invoke0(Native Method)
	at sun.reflect.NativeMethodAccessorImpl.invoke(NativeMethodAccessorImpl.java:62)
	at sun.reflect.DelegatingMethodAccessorImpl.invoke(DelegatingMethodAccessorImpl.java:43)
	at java.lang.reflect.Method.invoke(Method.java:498)
	at org.apache.maven.surefire.util.ReflectionUtils.invokeMethodWithArray(ReflectionUtils.java:189)
	at org.apache.maven.surefire.booter.ProviderFactory$ProviderProxy.invoke(ProviderFactory.java:165)
	at org.apache.maven.surefire.booter.ProviderFactory.invokeProvider(ProviderFactory.java:85)
	at org.apache.maven.surefire.booter.ForkedBooter.runSuitesInProcess(ForkedBooter.java:115)
	at org.apache.maven.surefire.booter.ForkedBooter.main(ForkedBooter.java:75)
</pre></div></td>
<td>0</td>
<td>com.ibm.watson.health.acd.v1.unit.AnnotatorForClinicalDataAcdTest@1bf10539</td></tr>
<tr>
<td title='com.ibm.watson.health.acd.v1.model.RunPipelineWithFlowOptionsTest.testRunPipelineWithFlowOptions()'><b>testRunPipelineWithFlowOptions</b><br>Test class: com.ibm.watson.health.acd.v1.model.RunPipelineWithFlowOptionsTest</td>
<td></td>
<td>0</td>
<td>com.ibm.watson.health.acd.v1.model.RunPipelineWithFlowOptionsTest@cd93621</td></tr>
<tr>
<td title='com.ibm.watson.health.acd.v1.model.RunPipelineWithFlowOptionsTest.testRunPipelineWithFlowOptionsError()'><b>testRunPipelineWithFlowOptionsError</b><br>Test class: com.ibm.watson.health.acd.v1.model.RunPipelineWithFlowOptionsTest</td>
<td><div><pre>java.lang.IllegalArgumentException: flowId cannot be empty
	at com.ibm.cloud.sdk.core.util.Validator.notEmpty(Validator.java:84)
	at com.ibm.watson.health.acd.v1.model.RunPipelineWithFlowOptions.&lt;init&gt;(RunPipelineWithFlowOptions.java:134)
	at com.ibm.watson.health.acd.v1.model.RunPipelineWithFlowOptions$Builder.build(RunPipelineWithFlowOptions.java:72)
	at com.ibm.watson.health.acd.v1.model.RunPipelineWithFlowOptionsTest.testRunPipelineWithFlowOptionsError(RunPipelineWithFlowOptionsTest.java:114)
	at java.util.ArrayList.forEach(ArrayList.java:1257)
... Removed 37 stack frames</pre></div><a href='#' onClick='toggleBox("stack-trace1032560110", this, "Click to show all stack frames", "Click to hide stack frames")'>Click to show all stack frames</a>
<div class='stack-trace' id='stack-trace1032560110'><pre>java.lang.IllegalArgumentException: flowId cannot be empty
	at com.ibm.cloud.sdk.core.util.Validator.notEmpty(Validator.java:84)
	at com.ibm.watson.health.acd.v1.model.RunPipelineWithFlowOptions.&lt;init&gt;(RunPipelineWithFlowOptions.java:134)
	at com.ibm.watson.health.acd.v1.model.RunPipelineWithFlowOptions$Builder.build(RunPipelineWithFlowOptions.java:72)
	at com.ibm.watson.health.acd.v1.model.RunPipelineWithFlowOptionsTest.testRunPipelineWithFlowOptionsError(RunPipelineWithFlowOptionsTest.java:114)
	at sun.reflect.NativeMethodAccessorImpl.invoke0(Native Method)
	at sun.reflect.NativeMethodAccessorImpl.invoke(NativeMethodAccessorImpl.java:62)
	at sun.reflect.DelegatingMethodAccessorImpl.invoke(DelegatingMethodAccessorImpl.java:43)
	at java.lang.reflect.Method.invoke(Method.java:498)
	at org.testng.internal.MethodInvocationHelper.invokeMethod(MethodInvocationHelper.java:134)
	at org.testng.internal.TestInvoker.invokeMethod(TestInvoker.java:597)
	at org.testng.internal.TestInvoker.invokeTestMethod(TestInvoker.java:173)
	at org.testng.internal.MethodRunner.runInSequence(MethodRunner.java:46)
	at org.testng.internal.TestInvoker$MethodInvocationAgent.invoke(TestInvoker.java:816)
	at org.testng.internal.TestInvoker.invokeTestMethods(TestInvoker.java:146)
	at org.testng.internal.TestMethodWorker.invokeTestMethods(TestMethodWorker.java:146)
	at org.testng.internal.TestMethodWorker.run(TestMethodWorker.java:128)
	at java.util.ArrayList.forEach(ArrayList.java:1257)
	at org.testng.TestRunner.privateRun(TestRunner.java:766)
	at org.testng.TestRunner.run(TestRunner.java:587)
	at org.testng.SuiteRunner.runTest(SuiteRunner.java:384)
	at org.testng.SuiteRunner.runSequentially(SuiteRunner.java:378)
	at org.testng.SuiteRunner.privateRun(SuiteRunner.java:337)
	at org.testng.SuiteRunner.run(SuiteRunner.java:286)
	at org.testng.SuiteRunnerWorker.runSuite(SuiteRunnerWorker.java:53)
	at org.testng.SuiteRunnerWorker.run(SuiteRunnerWorker.java:96)
	at org.testng.TestNG.runSuitesSequentially(TestNG.java:1187)
	at org.testng.TestNG.runSuitesLocally(TestNG.java:1109)
	at org.testng.TestNG.runSuites(TestNG.java:1039)
	at org.testng.TestNG.run(TestNG.java:1007)
	at org.apache.maven.surefire.testng.TestNGExecutor.run(TestNGExecutor.java:77)
	at org.apache.maven.surefire.testng.TestNGDirectoryTestSuite.executeMulti(TestNGDirectoryTestSuite.java:159)
	at org.apache.maven.surefire.testng.TestNGDirectoryTestSuite.execute(TestNGDirectoryTestSuite.java:99)
	at org.apache.maven.surefire.testng.TestNGProvider.invoke(TestNGProvider.java:106)
	at sun.reflect.NativeMethodAccessorImpl.invoke0(Native Method)
	at sun.reflect.NativeMethodAccessorImpl.invoke(NativeMethodAccessorImpl.java:62)
	at sun.reflect.DelegatingMethodAccessorImpl.invoke(DelegatingMethodAccessorImpl.java:43)
	at java.lang.reflect.Method.invoke(Method.java:498)
	at org.apache.maven.surefire.util.ReflectionUtils.invokeMethodWithArray(ReflectionUtils.java:189)
	at org.apache.maven.surefire.booter.ProviderFactory$ProviderProxy.invoke(ProviderFactory.java:165)
	at org.apache.maven.surefire.booter.ProviderFactory.invokeProvider(ProviderFactory.java:85)
	at org.apache.maven.surefire.booter.ForkedBooter.runSuitesInProcess(ForkedBooter.java:115)
	at org.apache.maven.surefire.booter.ForkedBooter.main(ForkedBooter.java:75)
</pre></div></td>
<td>0</td>
<td>com.ibm.watson.health.acd.v1.model.RunPipelineWithFlowOptionsTest@cd93621</td></tr>
<tr>
<td title='com.ibm.watson.health.acd.v1.unit.AnnotatorForClinicalDataAcdTest.testRunPipelineWithFlowWOptions()'><b>testRunPipelineWithFlowWOptions</b><br>Test class: com.ibm.watson.health.acd.v1.unit.AnnotatorForClinicalDataAcdTest</td>
<td></td>
<td>0</td>
<td>com.ibm.watson.health.acd.v1.unit.AnnotatorForClinicalDataAcdTest@1bf10539</td></tr>
<tr>
<td title='com.ibm.watson.health.acd.v1.model.ServiceErrorTest.testServiceError()'><b>testServiceError</b><br>Test class: com.ibm.watson.health.acd.v1.model.ServiceErrorTest</td>
<td></td>
<td>0</td>
<td>com.ibm.watson.health.acd.v1.model.ServiceErrorTest@2435c6ae</td></tr>
<tr>
<td title='com.ibm.watson.health.acd.v1.model.ServiceStatusTest.testServiceStatus()'><b>testServiceStatus</b><br>Test class: com.ibm.watson.health.acd.v1.model.ServiceStatusTest</td>
<td></td>
<td>0</td>
<td>com.ibm.watson.health.acd.v1.model.ServiceStatusTest@70aa03c0</td></tr>
<tr>
<td title='com.ibm.watson.health.acd.v1.model.UnstructuredContainerTest.testUnstructuredContainer()'><b>testUnstructuredContainer</b><br>Test class: com.ibm.watson.health.acd.v1.model.UnstructuredContainerTest</td>
<td></td>
<td>0</td>
<td>com.ibm.watson.health.acd.v1.model.UnstructuredContainerTest@78ea700f</td></tr>
<tr>
<td title='com.ibm.watson.health.acd.v1.unit.AnnotatorForClinicalDataAcdTest.testUpdateFlowsNoOptions()'><b>testUpdateFlowsNoOptions</b><br>Test class: com.ibm.watson.health.acd.v1.unit.AnnotatorForClinicalDataAcdTest</td>
<td><div><pre>java.lang.IllegalArgumentException: updateFlowsOptions cannot be null
	at com.ibm.cloud.sdk.core.util.Validator.notNull(Validator.java:97)
	at com.ibm.watson.health.acd.v1.AnnotatorForClinicalData.updateFlows(AnnotatorForClinicalData.java:567)
	at com.ibm.watson.health.acd.v1.unit.AnnotatorForClinicalDataAcdTest.testUpdateFlowsNoOptions(AnnotatorForClinicalDataAcdTest.java:656)
	at java.util.ArrayList.forEach(ArrayList.java:1257)
... Removed 37 stack frames</pre></div><a href='#' onClick='toggleBox("stack-trace1969102319", this, "Click to show all stack frames", "Click to hide stack frames")'>Click to show all stack frames</a>
<div class='stack-trace' id='stack-trace1969102319'><pre>java.lang.IllegalArgumentException: updateFlowsOptions cannot be null
	at com.ibm.cloud.sdk.core.util.Validator.notNull(Validator.java:97)
	at com.ibm.watson.health.acd.v1.AnnotatorForClinicalData.updateFlows(AnnotatorForClinicalData.java:567)
	at com.ibm.watson.health.acd.v1.unit.AnnotatorForClinicalDataAcdTest.testUpdateFlowsNoOptions(AnnotatorForClinicalDataAcdTest.java:656)
	at sun.reflect.NativeMethodAccessorImpl.invoke0(Native Method)
	at sun.reflect.NativeMethodAccessorImpl.invoke(NativeMethodAccessorImpl.java:62)
	at sun.reflect.DelegatingMethodAccessorImpl.invoke(DelegatingMethodAccessorImpl.java:43)
	at java.lang.reflect.Method.invoke(Method.java:498)
	at org.testng.internal.MethodInvocationHelper.invokeMethod(MethodInvocationHelper.java:134)
	at org.testng.internal.TestInvoker.invokeMethod(TestInvoker.java:597)
	at org.testng.internal.TestInvoker.invokeTestMethod(TestInvoker.java:173)
	at org.testng.internal.MethodRunner.runInSequence(MethodRunner.java:46)
	at org.testng.internal.TestInvoker$MethodInvocationAgent.invoke(TestInvoker.java:816)
	at org.testng.internal.TestInvoker.invokeTestMethods(TestInvoker.java:146)
	at org.testng.internal.TestMethodWorker.invokeTestMethods(TestMethodWorker.java:146)
	at org.testng.internal.TestMethodWorker.run(TestMethodWorker.java:128)
	at java.util.ArrayList.forEach(ArrayList.java:1257)
	at org.testng.TestRunner.privateRun(TestRunner.java:766)
	at org.testng.TestRunner.run(TestRunner.java:587)
	at org.testng.SuiteRunner.runTest(SuiteRunner.java:384)
	at org.testng.SuiteRunner.runSequentially(SuiteRunner.java:378)
	at org.testng.SuiteRunner.privateRun(SuiteRunner.java:337)
	at org.testng.SuiteRunner.run(SuiteRunner.java:286)
	at org.testng.SuiteRunnerWorker.runSuite(SuiteRunnerWorker.java:53)
	at org.testng.SuiteRunnerWorker.run(SuiteRunnerWorker.java:96)
	at org.testng.TestNG.runSuitesSequentially(TestNG.java:1187)
	at org.testng.TestNG.runSuitesLocally(TestNG.java:1109)
	at org.testng.TestNG.runSuites(TestNG.java:1039)
	at org.testng.TestNG.run(TestNG.java:1007)
	at org.apache.maven.surefire.testng.TestNGExecutor.run(TestNGExecutor.java:77)
	at org.apache.maven.surefire.testng.TestNGDirectoryTestSuite.executeMulti(TestNGDirectoryTestSuite.java:159)
	at org.apache.maven.surefire.testng.TestNGDirectoryTestSuite.execute(TestNGDirectoryTestSuite.java:99)
	at org.apache.maven.surefire.testng.TestNGProvider.invoke(TestNGProvider.java:106)
	at sun.reflect.NativeMethodAccessorImpl.invoke0(Native Method)
	at sun.reflect.NativeMethodAccessorImpl.invoke(NativeMethodAccessorImpl.java:62)
	at sun.reflect.DelegatingMethodAccessorImpl.invoke(DelegatingMethodAccessorImpl.java:43)
	at java.lang.reflect.Method.invoke(Method.java:498)
	at org.apache.maven.surefire.util.ReflectionUtils.invokeMethodWithArray(ReflectionUtils.java:189)
	at org.apache.maven.surefire.booter.ProviderFactory$ProviderProxy.invoke(ProviderFactory.java:165)
	at org.apache.maven.surefire.booter.ProviderFactory.invokeProvider(ProviderFactory.java:85)
	at org.apache.maven.surefire.booter.ForkedBooter.runSuitesInProcess(ForkedBooter.java:115)
	at org.apache.maven.surefire.booter.ForkedBooter.main(ForkedBooter.java:75)
</pre></div></td>
<td>0</td>
<td>com.ibm.watson.health.acd.v1.unit.AnnotatorForClinicalDataAcdTest@1bf10539</td></tr>
<tr>
<td title='com.ibm.watson.health.acd.v1.model.UpdateFlowsOptionsTest.testUpdateFlowsOptions()'><b>testUpdateFlowsOptions</b><br>Test class: com.ibm.watson.health.acd.v1.model.UpdateFlowsOptionsTest</td>
<td></td>
<td>0</td>
<td>com.ibm.watson.health.acd.v1.model.UpdateFlowsOptionsTest@31c0c7e5</td></tr>
<tr>
<td title='com.ibm.watson.health.acd.v1.model.UpdateFlowsOptionsTest.testUpdateFlowsOptionsError()'><b>testUpdateFlowsOptionsError</b><br>Test class: com.ibm.watson.health.acd.v1.model.UpdateFlowsOptionsTest</td>
<td><div><pre>java.lang.IllegalArgumentException: id cannot be empty
	at com.ibm.cloud.sdk.core.util.Validator.notEmpty(Validator.java:84)
	at com.ibm.watson.health.acd.v1.model.UpdateFlowsOptions.&lt;init&gt;(UpdateFlowsOptions.java:221)
	at com.ibm.watson.health.acd.v1.model.UpdateFlowsOptions$Builder.build(UpdateFlowsOptions.java:82)
	at com.ibm.watson.health.acd.v1.model.UpdateFlowsOptionsTest.testUpdateFlowsOptionsError(UpdateFlowsOptionsTest.java:101)
	at java.util.ArrayList.forEach(ArrayList.java:1257)
... Removed 37 stack frames</pre></div><a href='#' onClick='toggleBox("stack-trace405318481", this, "Click to show all stack frames", "Click to hide stack frames")'>Click to show all stack frames</a>
<div class='stack-trace' id='stack-trace405318481'><pre>java.lang.IllegalArgumentException: id cannot be empty
	at com.ibm.cloud.sdk.core.util.Validator.notEmpty(Validator.java:84)
	at com.ibm.watson.health.acd.v1.model.UpdateFlowsOptions.&lt;init&gt;(UpdateFlowsOptions.java:221)
	at com.ibm.watson.health.acd.v1.model.UpdateFlowsOptions$Builder.build(UpdateFlowsOptions.java:82)
	at com.ibm.watson.health.acd.v1.model.UpdateFlowsOptionsTest.testUpdateFlowsOptionsError(UpdateFlowsOptionsTest.java:101)
	at sun.reflect.NativeMethodAccessorImpl.invoke0(Native Method)
	at sun.reflect.NativeMethodAccessorImpl.invoke(NativeMethodAccessorImpl.java:62)
	at sun.reflect.DelegatingMethodAccessorImpl.invoke(DelegatingMethodAccessorImpl.java:43)
	at java.lang.reflect.Method.invoke(Method.java:498)
	at org.testng.internal.MethodInvocationHelper.invokeMethod(MethodInvocationHelper.java:134)
	at org.testng.internal.TestInvoker.invokeMethod(TestInvoker.java:597)
	at org.testng.internal.TestInvoker.invokeTestMethod(TestInvoker.java:173)
	at org.testng.internal.MethodRunner.runInSequence(MethodRunner.java:46)
	at org.testng.internal.TestInvoker$MethodInvocationAgent.invoke(TestInvoker.java:816)
	at org.testng.internal.TestInvoker.invokeTestMethods(TestInvoker.java:146)
	at org.testng.internal.TestMethodWorker.invokeTestMethods(TestMethodWorker.java:146)
	at org.testng.internal.TestMethodWorker.run(TestMethodWorker.java:128)
	at java.util.ArrayList.forEach(ArrayList.java:1257)
	at org.testng.TestRunner.privateRun(TestRunner.java:766)
	at org.testng.TestRunner.run(TestRunner.java:587)
	at org.testng.SuiteRunner.runTest(SuiteRunner.java:384)
	at org.testng.SuiteRunner.runSequentially(SuiteRunner.java:378)
	at org.testng.SuiteRunner.privateRun(SuiteRunner.java:337)
	at org.testng.SuiteRunner.run(SuiteRunner.java:286)
	at org.testng.SuiteRunnerWorker.runSuite(SuiteRunnerWorker.java:53)
	at org.testng.SuiteRunnerWorker.run(SuiteRunnerWorker.java:96)
	at org.testng.TestNG.runSuitesSequentially(TestNG.java:1187)
	at org.testng.TestNG.runSuitesLocally(TestNG.java:1109)
	at org.testng.TestNG.runSuites(TestNG.java:1039)
	at org.testng.TestNG.run(TestNG.java:1007)
	at org.apache.maven.surefire.testng.TestNGExecutor.run(TestNGExecutor.java:77)
	at org.apache.maven.surefire.testng.TestNGDirectoryTestSuite.executeMulti(TestNGDirectoryTestSuite.java:159)
	at org.apache.maven.surefire.testng.TestNGDirectoryTestSuite.execute(TestNGDirectoryTestSuite.java:99)
	at org.apache.maven.surefire.testng.TestNGProvider.invoke(TestNGProvider.java:106)
	at sun.reflect.NativeMethodAccessorImpl.invoke0(Native Method)
	at sun.reflect.NativeMethodAccessorImpl.invoke(NativeMethodAccessorImpl.java:62)
	at sun.reflect.DelegatingMethodAccessorImpl.invoke(DelegatingMethodAccessorImpl.java:43)
	at java.lang.reflect.Method.invoke(Method.java:498)
	at org.apache.maven.surefire.util.ReflectionUtils.invokeMethodWithArray(ReflectionUtils.java:189)
	at org.apache.maven.surefire.booter.ProviderFactory$ProviderProxy.invoke(ProviderFactory.java:165)
	at org.apache.maven.surefire.booter.ProviderFactory.invokeProvider(ProviderFactory.java:85)
	at org.apache.maven.surefire.booter.ForkedBooter.runSuitesInProcess(ForkedBooter.java:115)
	at org.apache.maven.surefire.booter.ForkedBooter.main(ForkedBooter.java:75)
</pre></div></td>
<td>0</td>
<td>com.ibm.watson.health.acd.v1.model.UpdateFlowsOptionsTest@31c0c7e5</td></tr>
<tr>
<td title='com.ibm.watson.health.acd.v1.unit.AnnotatorForClinicalDataAcdTest.testUpdateFlowsWOptions()'><b>testUpdateFlowsWOptions</b><br>Test class: com.ibm.watson.health.acd.v1.unit.AnnotatorForClinicalDataAcdTest</td>
<td></td>
<td>0</td>
<td>com.ibm.watson.health.acd.v1.unit.AnnotatorForClinicalDataAcdTest@1bf10539</td></tr>
<tr>
<td title='com.ibm.watson.health.acd.v1.unit.AnnotatorForClinicalDataAcdTest.testUpdateProfileNoOptions()'><b>testUpdateProfileNoOptions</b><br>Test class: com.ibm.watson.health.acd.v1.unit.AnnotatorForClinicalDataAcdTest</td>
<td><div><pre>java.lang.IllegalArgumentException: updateProfileOptions cannot be null
	at com.ibm.cloud.sdk.core.util.Validator.notNull(Validator.java:97)
	at com.ibm.watson.health.acd.v1.AnnotatorForClinicalData.updateProfile(AnnotatorForClinicalData.java:321)
	at com.ibm.watson.health.acd.v1.unit.AnnotatorForClinicalDataAcdTest.testUpdateProfileNoOptions(AnnotatorForClinicalDataAcdTest.java:354)
	at java.util.ArrayList.forEach(ArrayList.java:1257)
... Removed 37 stack frames</pre></div><a href='#' onClick='toggleBox("stack-trace114354150", this, "Click to show all stack frames", "Click to hide stack frames")'>Click to show all stack frames</a>
<div class='stack-trace' id='stack-trace114354150'><pre>java.lang.IllegalArgumentException: updateProfileOptions cannot be null
	at com.ibm.cloud.sdk.core.util.Validator.notNull(Validator.java:97)
	at com.ibm.watson.health.acd.v1.AnnotatorForClinicalData.updateProfile(AnnotatorForClinicalData.java:321)
	at com.ibm.watson.health.acd.v1.unit.AnnotatorForClinicalDataAcdTest.testUpdateProfileNoOptions(AnnotatorForClinicalDataAcdTest.java:354)
	at sun.reflect.NativeMethodAccessorImpl.invoke0(Native Method)
	at sun.reflect.NativeMethodAccessorImpl.invoke(NativeMethodAccessorImpl.java:62)
	at sun.reflect.DelegatingMethodAccessorImpl.invoke(DelegatingMethodAccessorImpl.java:43)
	at java.lang.reflect.Method.invoke(Method.java:498)
	at org.testng.internal.MethodInvocationHelper.invokeMethod(MethodInvocationHelper.java:134)
	at org.testng.internal.TestInvoker.invokeMethod(TestInvoker.java:597)
	at org.testng.internal.TestInvoker.invokeTestMethod(TestInvoker.java:173)
	at org.testng.internal.MethodRunner.runInSequence(MethodRunner.java:46)
	at org.testng.internal.TestInvoker$MethodInvocationAgent.invoke(TestInvoker.java:816)
	at org.testng.internal.TestInvoker.invokeTestMethods(TestInvoker.java:146)
	at org.testng.internal.TestMethodWorker.invokeTestMethods(TestMethodWorker.java:146)
	at org.testng.internal.TestMethodWorker.run(TestMethodWorker.java:128)
	at java.util.ArrayList.forEach(ArrayList.java:1257)
	at org.testng.TestRunner.privateRun(TestRunner.java:766)
	at org.testng.TestRunner.run(TestRunner.java:587)
	at org.testng.SuiteRunner.runTest(SuiteRunner.java:384)
	at org.testng.SuiteRunner.runSequentially(SuiteRunner.java:378)
	at org.testng.SuiteRunner.privateRun(SuiteRunner.java:337)
	at org.testng.SuiteRunner.run(SuiteRunner.java:286)
	at org.testng.SuiteRunnerWorker.runSuite(SuiteRunnerWorker.java:53)
	at org.testng.SuiteRunnerWorker.run(SuiteRunnerWorker.java:96)
	at org.testng.TestNG.runSuitesSequentially(TestNG.java:1187)
	at org.testng.TestNG.runSuitesLocally(TestNG.java:1109)
	at org.testng.TestNG.runSuites(TestNG.java:1039)
	at org.testng.TestNG.run(TestNG.java:1007)
	at org.apache.maven.surefire.testng.TestNGExecutor.run(TestNGExecutor.java:77)
	at org.apache.maven.surefire.testng.TestNGDirectoryTestSuite.executeMulti(TestNGDirectoryTestSuite.java:159)
	at org.apache.maven.surefire.testng.TestNGDirectoryTestSuite.execute(TestNGDirectoryTestSuite.java:99)
	at org.apache.maven.surefire.testng.TestNGProvider.invoke(TestNGProvider.java:106)
	at sun.reflect.NativeMethodAccessorImpl.invoke0(Native Method)
	at sun.reflect.NativeMethodAccessorImpl.invoke(NativeMethodAccessorImpl.java:62)
	at sun.reflect.DelegatingMethodAccessorImpl.invoke(DelegatingMethodAccessorImpl.java:43)
	at java.lang.reflect.Method.invoke(Method.java:498)
	at org.apache.maven.surefire.util.ReflectionUtils.invokeMethodWithArray(ReflectionUtils.java:189)
	at org.apache.maven.surefire.booter.ProviderFactory$ProviderProxy.invoke(ProviderFactory.java:165)
	at org.apache.maven.surefire.booter.ProviderFactory.invokeProvider(ProviderFactory.java:85)
	at org.apache.maven.surefire.booter.ForkedBooter.runSuitesInProcess(ForkedBooter.java:115)
	at org.apache.maven.surefire.booter.ForkedBooter.main(ForkedBooter.java:75)
</pre></div></td>
<td>0</td>
<td>com.ibm.watson.health.acd.v1.unit.AnnotatorForClinicalDataAcdTest@1bf10539</td></tr>
<tr>
<td title='com.ibm.watson.health.acd.v1.model.UpdateProfileOptionsTest.testUpdateProfileOptions()'><b>testUpdateProfileOptions</b><br>Test class: com.ibm.watson.health.acd.v1.model.UpdateProfileOptionsTest</td>
<td></td>
<td>0</td>
<td>com.ibm.watson.health.acd.v1.model.UpdateProfileOptionsTest@3b1137b0</td></tr>
<tr>
<td title='com.ibm.watson.health.acd.v1.model.UpdateProfileOptionsTest.testUpdateProfileOptionsError()'><b>testUpdateProfileOptionsError</b><br>Test class: com.ibm.watson.health.acd.v1.model.UpdateProfileOptionsTest</td>
<td><div><pre>java.lang.IllegalArgumentException: id cannot be empty
	at com.ibm.cloud.sdk.core.util.Validator.notEmpty(Validator.java:84)
	at com.ibm.watson.health.acd.v1.model.UpdateProfileOptions.&lt;init&gt;(UpdateProfileOptions.java:221)
	at com.ibm.watson.health.acd.v1.model.UpdateProfileOptions$Builder.build(UpdateProfileOptions.java:82)
	at com.ibm.watson.health.acd.v1.model.UpdateProfileOptionsTest.testUpdateProfileOptionsError(UpdateProfileOptionsTest.java:82)
	at java.util.ArrayList.forEach(ArrayList.java:1257)
... Removed 37 stack frames</pre></div><a href='#' onClick='toggleBox("stack-trace1997725558", this, "Click to show all stack frames", "Click to hide stack frames")'>Click to show all stack frames</a>
<div class='stack-trace' id='stack-trace1997725558'><pre>java.lang.IllegalArgumentException: id cannot be empty
	at com.ibm.cloud.sdk.core.util.Validator.notEmpty(Validator.java:84)
	at com.ibm.watson.health.acd.v1.model.UpdateProfileOptions.&lt;init&gt;(UpdateProfileOptions.java:221)
	at com.ibm.watson.health.acd.v1.model.UpdateProfileOptions$Builder.build(UpdateProfileOptions.java:82)
	at com.ibm.watson.health.acd.v1.model.UpdateProfileOptionsTest.testUpdateProfileOptionsError(UpdateProfileOptionsTest.java:82)
	at sun.reflect.NativeMethodAccessorImpl.invoke0(Native Method)
	at sun.reflect.NativeMethodAccessorImpl.invoke(NativeMethodAccessorImpl.java:62)
	at sun.reflect.DelegatingMethodAccessorImpl.invoke(DelegatingMethodAccessorImpl.java:43)
	at java.lang.reflect.Method.invoke(Method.java:498)
	at org.testng.internal.MethodInvocationHelper.invokeMethod(MethodInvocationHelper.java:134)
	at org.testng.internal.TestInvoker.invokeMethod(TestInvoker.java:597)
	at org.testng.internal.TestInvoker.invokeTestMethod(TestInvoker.java:173)
	at org.testng.internal.MethodRunner.runInSequence(MethodRunner.java:46)
	at org.testng.internal.TestInvoker$MethodInvocationAgent.invoke(TestInvoker.java:816)
	at org.testng.internal.TestInvoker.invokeTestMethods(TestInvoker.java:146)
	at org.testng.internal.TestMethodWorker.invokeTestMethods(TestMethodWorker.java:146)
	at org.testng.internal.TestMethodWorker.run(TestMethodWorker.java:128)
	at java.util.ArrayList.forEach(ArrayList.java:1257)
	at org.testng.TestRunner.privateRun(TestRunner.java:766)
	at org.testng.TestRunner.run(TestRunner.java:587)
	at org.testng.SuiteRunner.runTest(SuiteRunner.java:384)
	at org.testng.SuiteRunner.runSequentially(SuiteRunner.java:378)
	at org.testng.SuiteRunner.privateRun(SuiteRunner.java:337)
	at org.testng.SuiteRunner.run(SuiteRunner.java:286)
	at org.testng.SuiteRunnerWorker.runSuite(SuiteRunnerWorker.java:53)
	at org.testng.SuiteRunnerWorker.run(SuiteRunnerWorker.java:96)
	at org.testng.TestNG.runSuitesSequentially(TestNG.java:1187)
	at org.testng.TestNG.runSuitesLocally(TestNG.java:1109)
	at org.testng.TestNG.runSuites(TestNG.java:1039)
	at org.testng.TestNG.run(TestNG.java:1007)
	at org.apache.maven.surefire.testng.TestNGExecutor.run(TestNGExecutor.java:77)
	at org.apache.maven.surefire.testng.TestNGDirectoryTestSuite.executeMulti(TestNGDirectoryTestSuite.java:159)
	at org.apache.maven.surefire.testng.TestNGDirectoryTestSuite.execute(TestNGDirectoryTestSuite.java:99)
	at org.apache.maven.surefire.testng.TestNGProvider.invoke(TestNGProvider.java:106)
	at sun.reflect.NativeMethodAccessorImpl.invoke0(Native Method)
	at sun.reflect.NativeMethodAccessorImpl.invoke(NativeMethodAccessorImpl.java:62)
	at sun.reflect.DelegatingMethodAccessorImpl.invoke(DelegatingMethodAccessorImpl.java:43)
	at java.lang.reflect.Method.invoke(Method.java:498)
	at org.apache.maven.surefire.util.ReflectionUtils.invokeMethodWithArray(ReflectionUtils.java:189)
	at org.apache.maven.surefire.booter.ProviderFactory$ProviderProxy.invoke(ProviderFactory.java:165)
	at org.apache.maven.surefire.booter.ProviderFactory.invokeProvider(ProviderFactory.java:85)
	at org.apache.maven.surefire.booter.ForkedBooter.runSuitesInProcess(ForkedBooter.java:115)
	at org.apache.maven.surefire.booter.ForkedBooter.main(ForkedBooter.java:75)
</pre></div></td>
<td>0</td>
<td>com.ibm.watson.health.acd.v1.model.UpdateProfileOptionsTest@3b1137b0</td></tr>
<tr>
<td title='com.ibm.watson.health.acd.v1.unit.AnnotatorForClinicalDataAcdTest.testUpdateProfileWOptions()'><b>testUpdateProfileWOptions</b><br>Test class: com.ibm.watson.health.acd.v1.unit.AnnotatorForClinicalDataAcdTest</td>
<td></td>
<td>0</td>
<td>com.ibm.watson.health.acd.v1.unit.AnnotatorForClinicalDataAcdTest@1bf10539</td></tr>
</table><p>
</body>
</html>